2022-11-04 10:52:54,688 ERROR [astra] Body Tracking Error: 0x500006e9 Invalid Orbbec Body Tracking license. Please purchase Orbbec Body Tracking License.
2022-11-04 11:42:44,288 ERROR [astra] Body Tracking Error: 0x50000669 Invalid Orbbec Body Tracking license. Please purchase Orbbec Body Tracking License.
2022-11-04 11:43:29,028 ERROR [astra] Body Tracking Error: 0x50000649 Invalid Orbbec Body Tracking license. Please purchase Orbbec Body Tracking License.
2022-11-04 11:48:38,651 ERROR [astra] Body Tracking Error: 0x500006b9 Invalid Orbbec Body Tracking license. Please purchase Orbbec Body Tracking License.
2022-11-08 17:35:55,525 ERROR [orbbec.ni.device_streamset] failed to open device: 	Could not open "\\?\usb#vid_2bc5&pid_0402&mi_00#7&18716da0&0&0000#{c3b5f022-5a42-1980-1909-ea72095601b1}": Failed to receive a USB control request!

2022-11-09 13:43:59,871 ERROR [orbbec.ni.WmfBackend] Unable to initialize COM (HRESULT 0x80010106: "스레드 모드가 설정된 후에는 바꿀 수 없습니다.")
2022-11-09 13:44:43,564 ERROR [orbbec.ni.WmfBackend] Unable to initialize COM (HRESULT 0x80010106: "스레드 모드가 설정된 후에는 바꿀 수 없습니다.")
2022-11-09 13:45:33,938 ERROR [orbbec.ni.WmfBackend] Unable to initialize COM (HRESULT 0x80010106: "스레드 모드가 설정된 후에는 바꿀 수 없습니다.")
2022-11-09 13:46:52,532 ERROR [orbbec.ni.WmfBackend] Unable to initialize COM (HRESULT 0x80010106: "스레드 모드가 설정된 후에는 바꿀 수 없습니다.")
2022-11-09 13:49:33,377 ERROR [orbbec.ni.WmfBackend] Unable to initialize COM (HRESULT 0x80010106: "스레드 모드가 설정된 후에는 바꿀 수 없습니다.")
2022-11-09 13:56:32,250 ERROR [orbbec.ni.WmfBackend] Unable to initialize COM (HRESULT 0x80010106: "스레드 모드가 설정된 후에는 바꿀 수 없습니다.")
2022-11-09 13:59:14,196 ERROR [orbbec.ni.WmfBackend] Unable to initialize COM (HRESULT 0x80010106: "스레드 모드가 설정된 후에는 바꿀 수 없습니다.")
2022-11-09 14:01:22,407 ERROR [orbbec.ni.WmfBackend] Unable to initialize COM (HRESULT 0x80010106: "스레드 모드가 설정된 후에는 바꿀 수 없습니다.")
2022-11-09 14:03:44,533 ERROR [orbbec.ni.WmfBackend] Unable to initialize COM (HRESULT 0x80010106: "스레드 모드가 설정된 후에는 바꿀 수 없습니다.")
2022-11-09 14:04:28,500 ERROR [orbbec.ni.WmfBackend] Unable to initialize COM (HRESULT 0x80010106: "스레드 모드가 설정된 후에는 바꿀 수 없습니다.")
2022-11-09 14:05:29,546 ERROR [orbbec.ni.WmfBackend] Unable to initialize COM (HRESULT 0x80010106: "스레드 모드가 설정된 후에는 바꿀 수 없습니다.")
2022-11-09 14:06:26,399 ERROR [orbbec.ni.WmfBackend] Unable to initialize COM (HRESULT 0x80010106: "스레드 모드가 설정된 후에는 바꿀 수 없습니다.")
2022-11-09 14:06:53,108 ERROR [orbbec.ni.WmfBackend] Unable to initialize COM (HRESULT 0x80010106: "스레드 모드가 설정된 후에는 바꿀 수 없습니다.")
2022-11-09 14:07:20,720 ERROR [orbbec.ni.WmfBackend] Unable to initialize COM (HRESULT 0x80010106: "스레드 모드가 설정된 후에는 바꿀 수 없습니다.")
2022-11-09 14:07:32,754 ERROR [orbbec.ni.WmfBackend] Unable to initialize COM (HRESULT 0x80010106: "스레드 모드가 설정된 후에는 바꿀 수 없습니다.")
2022-11-09 14:12:44,951 ERROR [orbbec.ni.WmfBackend] Unable to initialize COM (HRESULT 0x80010106: "스레드 모드가 설정된 후에는 바꿀 수 없습니다.")
2022-11-09 14:19:55,313 ERROR [orbbec.ni.WmfBackend] Unable to initialize COM (HRESULT 0x80010106: "스레드 모드가 설정된 후에는 바꿀 수 없습니다.")
2022-11-09 14:20:57,283 ERROR [orbbec.ni.WmfBackend] Unable to initialize COM (HRESULT 0x80010106: "스레드 모드가 설정된 후에는 바꿀 수 없습니다.")
2022-11-09 14:22:14,758 ERROR [orbbec.ni.WmfBackend] Unable to initialize COM (HRESULT 0x80010106: "스레드 모드가 설정된 후에는 바꿀 수 없습니다.")
2022-11-09 14:28:13,393 ERROR [orbbec.ni.WmfBackend] Unable to initialize COM (HRESULT 0x80010106: "스레드 모드가 설정된 후에는 바꿀 수 없습니다.")
2022-11-09 14:30:24,171 ERROR [orbbec.ni.WmfBackend] Unable to initialize COM (HRESULT 0x80010106: "스레드 모드가 설정된 후에는 바꿀 수 없습니다.")
2022-11-09 14:47:09,246 ERROR [orbbec.ni.WmfBackend] Unable to initialize COM (HRESULT 0x80010106: "스레드 모드가 설정된 후에는 바꿀 수 없습니다.")
2022-11-15 17:40:12,519 ERROR [shared_library_windows] load_library C:\Users\wata\source\repos\vision_forklift\x64\Release\Plugins\OrbbecBodyTracking.dll failed: 126
2022-11-15 17:41:18,605 ERROR [shared_library_windows] load_library C:\Users\wata\source\repos\vision_forklift\x64\Release\Plugins\OrbbecBodyTracking.dll failed: 126
2022-11-15 18:29:48,940 ERROR [shared_library_windows] load_library C:\Users\wata\source\repos\vision_forklift\x64\Release\Plugins\OrbbecBodyTracking.dll failed: 126
2022-11-15 18:46:24,163 ERROR [shared_library_windows] load_library C:\Users\wata\source\repos\vision_forklift\x64\Release\Plugins\OrbbecBodyTracking.dll failed: 126
2022-11-15 18:47:55,295 ERROR [shared_library_windows] load_library C:\Users\wata\source\repos\vision_forklift\x64\Release\Plugins\OrbbecBodyTracking.dll failed: 126
2022-11-15 18:49:05,265 ERROR [shared_library_windows] load_library C:\Users\wata\source\repos\vision_forklift\x64\Release\Plugins\OrbbecBodyTracking.dll failed: 126
2022-11-15 18:49:51,940 ERROR [shared_library_windows] load_library C:\Users\wata\source\repos\vision_forklift\x64\Release\Plugins\OrbbecBodyTracking.dll failed: 126
2022-11-15 18:53:17,884 ERROR [shared_library_windows] load_library C:\Users\wata\source\repos\vision_forklift\x64\Release\Plugins\OrbbecBodyTracking.dll failed: 126
2022-11-15 18:54:06,969 ERROR [shared_library_windows] load_library C:\Users\wata\source\repos\vision_forklift\x64\Release\Plugins\OrbbecBodyTracking.dll failed: 126
2022-11-16 10:09:02,645 ERROR [shared_library_windows] load_library C:\Users\wata\source\repos\vision_forklift\x64\Release\Plugins\OrbbecBodyTracking.dll failed: 126
2022-11-16 10:11:55,829 ERROR [shared_library_windows] load_library C:\Users\wata\source\repos\vision_forklift\x64\Release\Plugins\OrbbecBodyTracking.dll failed: 126
2022-11-16 10:14:28,294 ERROR [shared_library_windows] load_library C:\Users\wata\source\repos\vision_forklift\x64\Release\Plugins\OrbbecBodyTracking.dll failed: 126
2022-11-16 10:15:22,897 ERROR [shared_library_windows] load_library C:\Users\wata\source\repos\vision_forklift\x64\Release\Plugins\OrbbecBodyTracking.dll failed: 126
2022-11-16 10:16:43,494 ERROR [shared_library_windows] load_library C:\Users\wata\source\repos\vision_forklift\x64\Release\Plugins\OrbbecBodyTracking.dll failed: 126
2022-11-16 11:22:50,372 ERROR [shared_library_windows] load_library C:\Users\wata\source\repos\vision_forklift\x64\Release\Plugins\OrbbecBodyTracking.dll failed: 126
2022-11-16 12:13:36,622 ERROR [shared_library_windows] load_library C:\Users\wata\source\repos\vision_forklift\x64\Release\Plugins\OrbbecBodyTracking.dll failed: 126
2022-11-16 12:24:32,662 ERROR [shared_library_windows] load_library C:\Users\wata\source\repos\vision_forklift\x64\Release\Plugins\OrbbecBodyTracking.dll failed: 126
2022-11-16 12:27:13,226 ERROR [shared_library_windows] load_library C:\Users\wata\source\repos\vision_forklift\x64\Release\Plugins\OrbbecBodyTracking.dll failed: 126
2022-11-16 12:28:39,486 ERROR [shared_library_windows] load_library C:\Users\wata\source\repos\vision_forklift\x64\Release\Plugins\OrbbecBodyTracking.dll failed: 126
2022-11-16 13:18:27,441 ERROR [shared_library_windows] load_library C:\Users\wata\source\repos\vision_forklift\x64\Release\Plugins\OrbbecBodyTracking.dll failed: 126
2022-11-16 13:21:07,855 ERROR [shared_library_windows] load_library C:\Users\wata\source\repos\vision_forklift\x64\Release\Plugins\OrbbecBodyTracking.dll failed: 126
2022-11-16 13:36:04,441 ERROR [shared_library_windows] load_library C:\Users\wata\source\repos\vision_forklift\x64\Release\Plugins\OrbbecBodyTracking.dll failed: 126
2022-11-16 14:30:25,205 ERROR [shared_library_windows] load_library C:\Users\wata\source\repos\vision_forklift\x64\Release\Plugins\OrbbecBodyTracking.dll failed: 126
2022-11-16 18:50:00,170 ERROR [shared_library_windows] load_library C:\Users\wata\source\repos\vision_forklift\x64\Release\Plugins\OrbbecBodyTracking.dll failed: 126
2022-11-16 18:50:54,706 ERROR [shared_library_windows] load_library C:\Users\wata\source\repos\vision_forklift\x64\Release\Plugins\OrbbecBodyTracking.dll failed: 126
2022-11-16 18:51:33,668 ERROR [shared_library_windows] load_library C:\Users\wata\source\repos\vision_forklift\x64\Release\Plugins\OrbbecBodyTracking.dll failed: 126
2022-11-16 18:55:18,261 ERROR [shared_library_windows] load_library C:\Users\wata\source\repos\vision_forklift\x64\Release\Plugins\OrbbecBodyTracking.dll failed: 126
2022-11-16 19:37:28,074 ERROR [shared_library_windows] load_library C:\Users\wata\source\repos\vision_forklift\x64\Release\Plugins\OrbbecBodyTracking.dll failed: 126
2022-11-16 20:16:20,201 ERROR [shared_library_windows] load_library C:\Users\wata\source\repos\vision_forklift\x64\Release\Plugins\OrbbecBodyTracking.dll failed: 126
2022-11-16 20:27:37,399 ERROR [shared_library_windows] load_library C:\Users\wata\source\repos\vision_forklift\x64\Release\Plugins\OrbbecBodyTracking.dll failed: 126
2022-11-16 20:32:00,927 ERROR [shared_library_windows] load_library C:\Users\wata\source\repos\vision_forklift\x64\Release\Plugins\OrbbecBodyTracking.dll failed: 126
2022-11-16 20:33:50,433 ERROR [shared_library_windows] load_library C:\Users\wata\source\repos\vision_forklift\x64\Release\Plugins\OrbbecBodyTracking.dll failed: 126
2022-11-16 20:43:22,364 ERROR [shared_library_windows] load_library C:\Users\wata\source\repos\vision_forklift\x64\Release\Plugins\OrbbecBodyTracking.dll failed: 126
2022-11-16 20:48:30,621 ERROR [shared_library_windows] load_library C:\Users\wata\source\repos\vision_forklift\x64\Release\Plugins\OrbbecBodyTracking.dll failed: 126
2022-11-17 10:27:39,035 ERROR [shared_library_windows] load_library C:\Users\wata\source\repos\vision_forklift\x64\Release\Plugins\OrbbecBodyTracking.dll failed: 126
2022-11-17 10:29:08,210 ERROR [shared_library_windows] load_library C:\Users\wata\source\repos\vision_forklift\x64\Release\Plugins\OrbbecBodyTracking.dll failed: 126
2022-11-17 11:02:38,246 ERROR [shared_library_windows] load_library C:\Users\wata\source\repos\vision_forklift\x64\Release\Plugins\OrbbecBodyTracking.dll failed: 126
2022-11-24 02:54:28,829 ERROR [shared_library_windows] load_library C:\Users\wata\source\repos\vision_forklift\x64\Release\Plugins\OrbbecBodyTracking.dll failed: 126
2022-11-24 13:31:20,759 ERROR [shared_library_windows] load_library C:\Users\wata\source\repos\vision_forklift\x64\Release\Plugins\OrbbecBodyTracking.dll failed: 126
2022-11-24 13:33:46,747 ERROR [shared_library_windows] load_library C:\Users\wata\source\repos\vision_forklift\x64\Release\Plugins\OrbbecBodyTracking.dll failed: 126
2022-11-24 16:16:36,998 ERROR [shared_library_windows] load_library C:\Users\wata\source\repos\vision_forklift\x64\Release\Plugins\OrbbecBodyTracking.dll failed: 126
2022-11-24 16:19:49,317 ERROR [shared_library_windows] load_library C:\Users\wata\source\repos\vision_forklift\x64\Release\Plugins\OrbbecBodyTracking.dll failed: 126
2022-11-24 16:33:36,147 ERROR [shared_library_windows] load_library C:\Users\wata\source\repos\vision_forklift\x64\Release\Plugins\OrbbecBodyTracking.dll failed: 126
2022-11-24 16:37:02,040 ERROR [shared_library_windows] load_library C:\Users\wata\source\repos\vision_forklift\x64\Release\Plugins\OrbbecBodyTracking.dll failed: 126
2022-11-24 16:38:02,148 ERROR [shared_library_windows] load_library C:\Users\wata\source\repos\vision_forklift\x64\Release\Plugins\OrbbecBodyTracking.dll failed: 126
2022-11-24 16:39:21,810 ERROR [shared_library_windows] load_library C:\Users\wata\source\repos\vision_forklift\x64\Release\Plugins\OrbbecBodyTracking.dll failed: 126
2022-11-24 16:40:37,602 ERROR [shared_library_windows] load_library C:\Users\wata\source\repos\vision_forklift\x64\Release\Plugins\OrbbecBodyTracking.dll failed: 126
2022-11-24 16:41:26,813 ERROR [shared_library_windows] load_library C:\Users\wata\source\repos\vision_forklift\x64\Release\Plugins\OrbbecBodyTracking.dll failed: 126
2022-11-24 16:42:50,350 ERROR [shared_library_windows] load_library C:\Users\wata\source\repos\vision_forklift\x64\Release\Plugins\OrbbecBodyTracking.dll failed: 126
2022-11-24 16:48:14,197 ERROR [shared_library_windows] load_library C:\Users\wata\source\repos\vision_forklift\x64\Release\Plugins\OrbbecBodyTracking.dll failed: 126
2022-11-24 16:49:31,772 ERROR [shared_library_windows] load_library C:\Users\wata\source\repos\vision_forklift\x64\Release\Plugins\OrbbecBodyTracking.dll failed: 126
2022-11-24 17:04:27,983 ERROR [shared_library_windows] load_library C:\Users\wata\source\repos\vision_forklift\x64\Release\Plugins\OrbbecBodyTracking.dll failed: 126
2022-11-24 17:05:02,775 ERROR [shared_library_windows] load_library C:\Users\wata\source\repos\vision_forklift\x64\Release\Plugins\OrbbecBodyTracking.dll failed: 126
2022-11-24 17:18:44,994 ERROR [shared_library_windows] load_library C:\Users\wata\source\repos\vision_forklift\x64\Release\Plugins\OrbbecBodyTracking.dll failed: 126
2022-11-24 17:20:18,210 ERROR [shared_library_windows] load_library C:\Users\wata\source\repos\vision_forklift\x64\Release\Plugins\OrbbecBodyTracking.dll failed: 126
2022-11-24 17:20:59,017 ERROR [shared_library_windows] load_library C:\Users\wata\source\repos\vision_forklift\x64\Release\Plugins\OrbbecBodyTracking.dll failed: 126
2022-11-24 17:21:35,590 ERROR [shared_library_windows] load_library C:\Users\wata\source\repos\vision_forklift\x64\Release\Plugins\OrbbecBodyTracking.dll failed: 126
2022-11-24 17:23:17,706 ERROR [shared_library_windows] load_library C:\Users\wata\source\repos\vision_forklift\x64\Release\Plugins\OrbbecBodyTracking.dll failed: 126
2022-11-24 17:23:48,870 ERROR [shared_library_windows] load_library C:\Users\wata\source\repos\vision_forklift\x64\Release\Plugins\OrbbecBodyTracking.dll failed: 126
2022-11-24 17:25:33,572 ERROR [shared_library_windows] load_library C:\Users\wata\source\repos\vision_forklift\x64\Release\Plugins\OrbbecBodyTracking.dll failed: 126
2022-11-24 17:28:09,279 ERROR [shared_library_windows] load_library C:\Users\wata\source\repos\vision_forklift\x64\Release\Plugins\OrbbecBodyTracking.dll failed: 126
2022-11-24 17:28:51,304 ERROR [shared_library_windows] load_library C:\Users\wata\source\repos\vision_forklift\x64\Release\Plugins\OrbbecBodyTracking.dll failed: 126
2022-11-24 17:29:27,062 ERROR [shared_library_windows] load_library C:\Users\wata\source\repos\vision_forklift\x64\Release\Plugins\OrbbecBodyTracking.dll failed: 126
2022-11-24 17:36:20,738 ERROR [shared_library_windows] load_library C:\Users\wata\source\repos\vision_forklift\x64\Release\Plugins\OrbbecBodyTracking.dll failed: 126
2022-11-24 17:37:37,880 ERROR [shared_library_windows] load_library C:\Users\wata\source\repos\vision_forklift\x64\Release\Plugins\OrbbecBodyTracking.dll failed: 126
2022-11-24 17:38:17,449 ERROR [shared_library_windows] load_library C:\Users\wata\source\repos\vision_forklift\x64\Release\Plugins\OrbbecBodyTracking.dll failed: 126
2022-11-24 17:40:46,201 ERROR [shared_library_windows] load_library C:\Users\wata\source\repos\vision_forklift\x64\Release\Plugins\OrbbecBodyTracking.dll failed: 126
2022-11-24 17:41:11,501 ERROR [shared_library_windows] load_library C:\Users\wata\source\repos\vision_forklift\x64\Release\Plugins\OrbbecBodyTracking.dll failed: 126
2022-11-24 17:42:04,175 ERROR [shared_library_windows] load_library C:\Users\wata\source\repos\vision_forklift\x64\Release\Plugins\OrbbecBodyTracking.dll failed: 126
2022-11-24 17:46:42,398 ERROR [shared_library_windows] load_library C:\Users\wata\source\repos\vision_forklift\x64\Release\Plugins\OrbbecBodyTracking.dll failed: 126
2022-11-24 17:47:37,258 ERROR [shared_library_windows] load_library C:\Users\wata\source\repos\vision_forklift\x64\Release\Plugins\OrbbecBodyTracking.dll failed: 126
2022-11-24 17:48:11,816 ERROR [shared_library_windows] load_library C:\Users\wata\source\repos\vision_forklift\x64\Release\Plugins\OrbbecBodyTracking.dll failed: 126
2022-11-24 17:49:29,735 ERROR [shared_library_windows] load_library C:\Users\wata\source\repos\vision_forklift\x64\Release\Plugins\OrbbecBodyTracking.dll failed: 126
2022-11-24 17:51:08,207 ERROR [shared_library_windows] load_library C:\Users\wata\source\repos\vision_forklift\x64\Release\Plugins\OrbbecBodyTracking.dll failed: 126
2022-11-24 18:02:33,933 ERROR [shared_library_windows] load_library C:\Users\wata\source\repos\vision_forklift\x64\Release\Plugins\OrbbecBodyTracking.dll failed: 126
2022-11-24 18:06:40,224 ERROR [shared_library_windows] load_library C:\Users\wata\source\repos\vision_forklift\x64\Release\Plugins\OrbbecBodyTracking.dll failed: 126
2022-11-24 18:16:24,367 ERROR [shared_library_windows] load_library C:\Users\wata\source\repos\vision_forklift\x64\Release\Plugins\OrbbecBodyTracking.dll failed: 126
2022-12-04 08:58:39,583 ERROR [shared_library_windows] load_library C:\Users\wata\source\repos\vision_forklift\x64\Release\Plugins\OrbbecBodyTracking.dll failed: 126
2022-12-06 00:53:00,457 ERROR [shared_library_windows] load_library C:\Users\wata\source\repos\vision_forklift\x64\Release\Plugins\OrbbecBodyTracking.dll failed: 126
2022-12-06 00:58:49,386 ERROR [shared_library_windows] load_library C:\Users\wata\source\repos\vision_forklift\x64\Release\Plugins\OrbbecBodyTracking.dll failed: 126
2022-12-06 01:03:00,433 ERROR [shared_library_windows] load_library C:\Users\wata\source\repos\vision_forklift\x64\Release\Plugins\OrbbecBodyTracking.dll failed: 126
2022-12-06 01:06:53,923 ERROR [shared_library_windows] load_library C:\Users\wata\source\repos\vision_forklift\x64\Release\Plugins\OrbbecBodyTracking.dll failed: 126
2022-12-06 10:56:57,804 ERROR [shared_library_windows] load_library C:\git_merge\LIS-ForkLift\WATA.LIS\WATA.LIS\bin\Debug\net6.0-windows\VISION\Plugins\OrbbecBodyTracking.dll failed: 126
2022-12-06 10:58:24,735 ERROR [shared_library_windows] load_library C:\git_merge\LIS-ForkLift\WATA.LIS\WATA.LIS\bin\Debug\net6.0-windows\VISION\Plugins\OrbbecBodyTracking.dll failed: 126
2022-12-06 11:50:35,154 ERROR [shared_library_windows] load_library C:\git_merge\LIS-ForkLift\WATA.LIS\WATA.LIS\bin\Debug\net6.0-windows\VISION\Plugins\OrbbecBodyTracking.dll failed: 126
2022-12-06 16:31:16,443 ERROR [shared_library_windows] load_library C:\git_merge\LIS-ForkLift\WATA.LIS\WATA.LIS\bin\Debug\net6.0-windows\VISION\Plugins\OrbbecBodyTracking.dll failed: 126
2022-12-07 20:59:05,238 ERROR [shared_library_windows] load_library C:\git_merge\LIS-ForkLift\WATA.LIS\WATA.LIS\bin\Debug\net6.0-windows\VISION\Plugins\OrbbecBodyTracking.dll failed: 126
2022-12-07 21:06:35,269 ERROR [shared_library_windows] load_library C:\git_merge\LIS-ForkLift\WATA.LIS\WATA.LIS\bin\Debug\net6.0-windows\VISION\Plugins\OrbbecBodyTracking.dll failed: 126
2022-12-07 21:06:45,639 ERROR [shared_library_windows] load_library C:\git_merge\LIS-ForkLift\WATA.LIS\WATA.LIS\bin\Debug\net6.0-windows\VISION\Plugins\OrbbecBodyTracking.dll failed: 126
2022-12-07 21:07:55,319 ERROR [shared_library_windows] load_library C:\git_merge\LIS-ForkLift\WATA.LIS\WATA.LIS\bin\Debug\net6.0-windows\VISION\Plugins\OrbbecBodyTracking.dll failed: 126
2022-12-07 21:09:44,544 ERROR [shared_library_windows] load_library C:\git_merge\LIS-ForkLift\WATA.LIS\WATA.LIS\bin\Debug\net6.0-windows\VISION\Plugins\OrbbecBodyTracking.dll failed: 126
2022-12-07 21:10:55,306 ERROR [shared_library_windows] load_library C:\git_merge\LIS-ForkLift\WATA.LIS\WATA.LIS\bin\Debug\net6.0-windows\VISION\Plugins\OrbbecBodyTracking.dll failed: 126
2022-12-07 21:12:58,284 ERROR [shared_library_windows] load_library C:\git_merge\LIS-ForkLift\WATA.LIS\WATA.LIS\bin\Debug\net6.0-windows\VISION\Plugins\OrbbecBodyTracking.dll failed: 126
2022-12-07 21:15:53,026 ERROR [shared_library_windows] load_library C:\git_merge\LIS-ForkLift\WATA.LIS\WATA.LIS\bin\Debug\net6.0-windows\VISION\Plugins\OrbbecBodyTracking.dll failed: 126
2022-12-07 21:18:41,196 ERROR [shared_library_windows] load_library C:\git_merge\LIS-ForkLift\WATA.LIS\WATA.LIS\bin\Debug\net6.0-windows\VISION\Plugins\OrbbecBodyTracking.dll failed: 126
2022-12-07 21:21:09,232 ERROR [shared_library_windows] load_library C:\git_merge\LIS-ForkLift\WATA.LIS\WATA.LIS\bin\Debug\net6.0-windows\VISION\Plugins\OrbbecBodyTracking.dll failed: 126
2022-12-07 21:24:28,318 ERROR [shared_library_windows] load_library C:\git_merge\LIS-ForkLift\WATA.LIS\WATA.LIS\bin\Debug\net6.0-windows\VISION\Plugins\OrbbecBodyTracking.dll failed: 126
2022-12-07 21:30:22,432 ERROR [shared_library_windows] load_library C:\git_merge\LIS-ForkLift\WATA.LIS\WATA.LIS\bin\Debug\net6.0-windows\VISION\Plugins\OrbbecBodyTracking.dll failed: 126
2022-12-07 21:38:05,224 ERROR [shared_library_windows] load_library C:\git_merge\LIS-ForkLift\WATA.LIS\WATA.LIS\bin\Debug\net6.0-windows\VISION\Plugins\OrbbecBodyTracking.dll failed: 126
2022-12-07 21:45:32,669 ERROR [shared_library_windows] load_library C:\git_merge\LIS-ForkLift\WATA.LIS\WATA.LIS\bin\Debug\net6.0-windows\VISION\Plugins\OrbbecBodyTracking.dll failed: 126
2022-12-07 22:01:34,574 ERROR [shared_library_windows] load_library C:\git_merge\LIS-ForkLift\WATA.LIS\WATA.LIS\bin\Debug\net6.0-windows\VISION\Plugins\OrbbecBodyTracking.dll failed: 126
2022-12-07 22:05:57,871 ERROR [shared_library_windows] load_library C:\git_merge\LIS-ForkLift\WATA.LIS\WATA.LIS\bin\Debug\net6.0-windows\VISION\Plugins\OrbbecBodyTracking.dll failed: 126
2022-12-08 15:20:25,223 ERROR [shared_library_windows] load_library C:\git_merge\LIS-ForkLift\WATA.LIS\WATA.LIS\bin\Debug\net6.0-windows\VISION\Plugins\OrbbecBodyTracking.dll failed: 126
2022-12-08 16:02:13,472 ERROR [shared_library_windows] load_library C:\git_merge\LIS-ForkLift\WATA.LIS\WATA.LIS\bin\Debug\net6.0-windows\VISION\Plugins\OrbbecBodyTracking.dll failed: 126
2022-12-15 18:50:53,372 ERROR [shared_library_windows] load_library C:\git_merge\LIS-ForkLift\WATA.LIS\WATA.LIS\bin\Debug\net6.0-windows\VISION\Plugins\OrbbecBodyTracking.dll failed: 126
2022-12-16 15:15:33,535 ERROR [shared_library_windows] load_library C:\git_merge\LIS-ForkLift\WATA.LIS\WATA.LIS\bin\Debug\net6.0-windows\VISION\Plugins\OrbbecBodyTracking.dll failed: 126
2022-12-16 15:17:05,404 ERROR [shared_library_windows] load_library C:\git_merge\LIS-ForkLift\WATA.LIS\WATA.LIS\bin\Debug\net6.0-windows\VISION\Plugins\OrbbecBodyTracking.dll failed: 126
2022-12-16 15:37:41,316 ERROR [shared_library_windows] load_library C:\git_merge\LIS-ForkLift\WATA.LIS\WATA.LIS\bin\Debug\net6.0-windows\VISION\Plugins\OrbbecBodyTracking.dll failed: 126
2022-12-16 15:52:41,949 ERROR [shared_library_windows] load_library C:\git_merge\LIS-ForkLift\WATA.LIS\WATA.LIS\bin\Debug\net6.0-windows\VISION\Plugins\OrbbecBodyTracking.dll failed: 126
2022-12-16 15:55:33,468 ERROR [shared_library_windows] load_library C:\git_merge\LIS-ForkLift\WATA.LIS\WATA.LIS\bin\Debug\net6.0-windows\VISION\Plugins\OrbbecBodyTracking.dll failed: 126
2022-12-16 15:57:41,840 ERROR [shared_library_windows] load_library C:\git_merge\LIS-ForkLift\WATA.LIS\WATA.LIS\bin\Debug\net6.0-windows\VISION\Plugins\OrbbecBodyTracking.dll failed: 126
2022-12-16 16:00:10,747 ERROR [shared_library_windows] load_library C:\git_merge\LIS-ForkLift\WATA.LIS\WATA.LIS\bin\Debug\net6.0-windows\VISION\Plugins\OrbbecBodyTracking.dll failed: 126
2022-12-16 16:12:25,850 ERROR [shared_library_windows] load_library C:\git_merge\LIS-ForkLift\WATA.LIS\WATA.LIS\bin\Debug\net6.0-windows\VISION\Plugins\OrbbecBodyTracking.dll failed: 126
2022-12-16 16:13:59,920 ERROR [shared_library_windows] load_library C:\git_merge\LIS-ForkLift\WATA.LIS\WATA.LIS\bin\Debug\net6.0-windows\VISION\Plugins\OrbbecBodyTracking.dll failed: 126
2022-12-16 16:20:50,637 ERROR [shared_library_windows] load_library C:\git_merge\LIS-ForkLift\WATA.LIS\WATA.LIS\bin\Debug\net6.0-windows\VISION\Plugins\OrbbecBodyTracking.dll failed: 126
2022-12-16 16:21:12,470 ERROR [shared_library_windows] load_library C:\git_merge\LIS-ForkLift\WATA.LIS\WATA.LIS\bin\Debug\net6.0-windows\VISION\Plugins\OrbbecBodyTracking.dll failed: 126
2022-12-16 16:24:46,192 ERROR [shared_library_windows] load_library C:\git_merge\LIS-ForkLift\WATA.LIS\WATA.LIS\bin\Debug\net6.0-windows\VISION\Plugins\OrbbecBodyTracking.dll failed: 126
2022-12-16 16:27:28,846 ERROR [shared_library_windows] load_library C:\git_merge\LIS-ForkLift\WATA.LIS\WATA.LIS\bin\Debug\net6.0-windows\VISION\Plugins\OrbbecBodyTracking.dll failed: 126
2022-12-16 16:29:30,101 ERROR [shared_library_windows] load_library C:\git_merge\LIS-ForkLift\WATA.LIS\WATA.LIS\bin\Debug\net6.0-windows\VISION\Plugins\OrbbecBodyTracking.dll failed: 126
2022-12-16 16:30:31,155 ERROR [shared_library_windows] load_library C:\git_merge\LIS-ForkLift\WATA.LIS\WATA.LIS\bin\Debug\net6.0-windows\VISION\Plugins\OrbbecBodyTracking.dll failed: 126
2022-12-16 16:31:01,175 ERROR [shared_library_windows] load_library C:\git_merge\LIS-ForkLift\WATA.LIS\WATA.LIS\bin\Debug\net6.0-windows\VISION\Plugins\OrbbecBodyTracking.dll failed: 126
2022-12-16 16:31:50,251 ERROR [shared_library_windows] load_library C:\git_merge\LIS-ForkLift\WATA.LIS\WATA.LIS\bin\Debug\net6.0-windows\VISION\Plugins\OrbbecBodyTracking.dll failed: 126
2022-12-16 16:34:08,304 ERROR [shared_library_windows] load_library C:\git_merge\LIS-ForkLift\WATA.LIS\WATA.LIS\bin\Debug\net6.0-windows\VISION\Plugins\OrbbecBodyTracking.dll failed: 126
2022-12-16 16:35:43,413 ERROR [shared_library_windows] load_library C:\git_merge\LIS-ForkLift\WATA.LIS\WATA.LIS\bin\Debug\net6.0-windows\VISION\Plugins\OrbbecBodyTracking.dll failed: 126
2022-12-16 16:37:43,747 ERROR [shared_library_windows] load_library C:\git_merge\LIS-ForkLift\WATA.LIS\WATA.LIS\bin\Debug\net6.0-windows\VISION\Plugins\OrbbecBodyTracking.dll failed: 126
2022-12-16 16:54:37,013 ERROR [shared_library_windows] load_library C:\git_merge\LIS-ForkLift\WATA.LIS\WATA.LIS\bin\Debug\net6.0-windows\VISION\Plugins\OrbbecBodyTracking.dll failed: 126
2022-12-16 16:55:53,388 ERROR [shared_library_windows] load_library C:\git_merge\LIS-ForkLift\WATA.LIS\WATA.LIS\bin\Debug\net6.0-windows\VISION\Plugins\OrbbecBodyTracking.dll failed: 126
2022-12-16 17:00:05,545 ERROR [shared_library_windows] load_library C:\git_merge\LIS-ForkLift\WATA.LIS\WATA.LIS\bin\Debug\net6.0-windows\VISION\Plugins\OrbbecBodyTracking.dll failed: 126
2022-12-16 17:02:50,376 ERROR [shared_library_windows] load_library C:\git_merge\LIS-ForkLift\WATA.LIS\WATA.LIS\bin\Debug\net6.0-windows\VISION\Plugins\OrbbecBodyTracking.dll failed: 126
2022-12-16 17:05:43,449 ERROR [shared_library_windows] load_library C:\git_merge\LIS-ForkLift\WATA.LIS\WATA.LIS\bin\Debug\net6.0-windows\VISION\Plugins\OrbbecBodyTracking.dll failed: 126
2022-12-16 17:15:40,070 ERROR [shared_library_windows] load_library C:\git_merge\LIS-ForkLift\WATA.LIS\WATA.LIS\bin\Debug\net6.0-windows\VISION\Plugins\OrbbecBodyTracking.dll failed: 126
2022-12-16 17:18:32,473 ERROR [shared_library_windows] load_library C:\git_merge\LIS-ForkLift\WATA.LIS\WATA.LIS\bin\Debug\net6.0-windows\VISION\Plugins\OrbbecBodyTracking.dll failed: 126
2022-12-16 17:20:05,603 ERROR [shared_library_windows] load_library C:\git_merge\LIS-ForkLift\WATA.LIS\WATA.LIS\bin\Debug\net6.0-windows\VISION\Plugins\OrbbecBodyTracking.dll failed: 126
2022-12-16 17:21:57,333 ERROR [shared_library_windows] load_library C:\git_merge\LIS-ForkLift\WATA.LIS\WATA.LIS\bin\Debug\net6.0-windows\VISION\Plugins\OrbbecBodyTracking.dll failed: 126
2022-12-16 17:24:26,911 ERROR [shared_library_windows] load_library C:\git_merge\LIS-ForkLift\WATA.LIS\WATA.LIS\bin\Debug\net6.0-windows\VISION\Plugins\OrbbecBodyTracking.dll failed: 126
2022-12-16 17:25:38,305 ERROR [shared_library_windows] load_library C:\git_merge\LIS-ForkLift\WATA.LIS\WATA.LIS\bin\Debug\net6.0-windows\VISION\Plugins\OrbbecBodyTracking.dll failed: 126
2022-12-16 17:27:47,996 ERROR [shared_library_windows] load_library C:\git_merge\LIS-ForkLift\WATA.LIS\WATA.LIS\bin\Debug\net6.0-windows\VISION\Plugins\OrbbecBodyTracking.dll failed: 126
2022-12-16 17:44:31,242 ERROR [shared_library_windows] load_library C:\git_merge\LIS-ForkLift\WATA.LIS\WATA.LIS\bin\Debug\net6.0-windows\VISION\Plugins\OrbbecBodyTracking.dll failed: 126
2022-12-16 17:45:32,013 ERROR [shared_library_windows] load_library C:\git_merge\LIS-ForkLift\WATA.LIS\WATA.LIS\bin\Debug\net6.0-windows\VISION\Plugins\OrbbecBodyTracking.dll failed: 126
2022-12-16 17:47:28,029 ERROR [shared_library_windows] load_library C:\git_merge\LIS-ForkLift\WATA.LIS\WATA.LIS\bin\Debug\net6.0-windows\VISION\Plugins\OrbbecBodyTracking.dll failed: 126
2022-12-16 17:49:07,182 ERROR [shared_library_windows] load_library C:\git_merge\LIS-ForkLift\WATA.LIS\WATA.LIS\bin\Debug\net6.0-windows\VISION\Plugins\OrbbecBodyTracking.dll failed: 126
2022-12-16 17:50:11,784 ERROR [shared_library_windows] load_library C:\git_merge\LIS-ForkLift\WATA.LIS\WATA.LIS\bin\Debug\net6.0-windows\VISION\Plugins\OrbbecBodyTracking.dll failed: 126
2022-12-16 17:51:34,759 ERROR [shared_library_windows] load_library C:\git_merge\LIS-ForkLift\WATA.LIS\WATA.LIS\bin\Debug\net6.0-windows\VISION\Plugins\OrbbecBodyTracking.dll failed: 126
2022-12-16 17:51:57,812 ERROR [shared_library_windows] load_library C:\git_merge\LIS-ForkLift\WATA.LIS\WATA.LIS\bin\Debug\net6.0-windows\VISION\Plugins\OrbbecBodyTracking.dll failed: 126
2022-12-16 17:53:41,078 ERROR [shared_library_windows] load_library C:\git_merge\LIS-ForkLift\WATA.LIS\WATA.LIS\bin\Debug\net6.0-windows\VISION\Plugins\OrbbecBodyTracking.dll failed: 126
2022-12-16 17:55:40,118 ERROR [shared_library_windows] load_library C:\git_merge\LIS-ForkLift\WATA.LIS\WATA.LIS\bin\Debug\net6.0-windows\VISION\Plugins\OrbbecBodyTracking.dll failed: 126
2022-12-16 17:57:46,405 ERROR [shared_library_windows] load_library C:\git_merge\LIS-ForkLift\WATA.LIS\WATA.LIS\bin\Debug\net6.0-windows\VISION\Plugins\OrbbecBodyTracking.dll failed: 126
2022-12-16 18:00:16,476 ERROR [shared_library_windows] load_library C:\git_merge\LIS-ForkLift\WATA.LIS\WATA.LIS\bin\Debug\net6.0-windows\VISION\Plugins\OrbbecBodyTracking.dll failed: 126
2022-12-16 18:05:25,691 ERROR [shared_library_windows] load_library C:\git_merge\LIS-ForkLift\WATA.LIS\WATA.LIS\bin\Debug\net6.0-windows\VISION\Plugins\OrbbecBodyTracking.dll failed: 126
2022-12-19 13:52:48,681 ERROR [shared_library_windows] load_library C:\git_merge\LIS-ForkLift\WATA.LIS\WATA.LIS\bin\Debug\net6.0-windows\VISION\Plugins\OrbbecBodyTracking.dll failed: 126
2022-12-19 14:46:06,221 ERROR [shared_library_windows] load_library C:\git_merge\LIS-ForkLift\WATA.LIS\WATA.LIS\bin\Debug\net6.0-windows\VISION\Plugins\OrbbecBodyTracking.dll failed: 126
2022-12-23 10:39:28,974 ERROR [shared_library_windows] load_library C:\git_merge\LIS-ForkLift\WATA.LIS\WATA.LIS\bin\Debug\net6.0-windows\VISION\Plugins\OrbbecBodyTracking.dll failed: 126
2022-12-23 10:40:33,192 ERROR [shared_library_windows] load_library C:\git_merge\LIS-ForkLift\WATA.LIS\WATA.LIS\bin\Debug\net6.0-windows\VISION\Plugins\OrbbecBodyTracking.dll failed: 126
2022-12-23 10:43:10,979 ERROR [shared_library_windows] load_library C:\git_merge\LIS-ForkLift\WATA.LIS\WATA.LIS\bin\Debug\net6.0-windows\VISION\Plugins\OrbbecBodyTracking.dll failed: 126
2022-12-23 12:40:07,039 ERROR [shared_library_windows] load_library C:\git_merge\LIS-ForkLift\WATA.LIS\WATA.LIS\bin\Debug\net6.0-windows\VISION\Plugins\OrbbecBodyTracking.dll failed: 126
2022-12-23 14:20:55,334 ERROR [shared_library_windows] load_library C:\git_merge\LIS-ForkLift\WATA.LIS\WATA.LIS\bin\Debug\net6.0-windows\VISION\Plugins\OrbbecBodyTracking.dll failed: 126
2022-12-23 14:21:07,670 ERROR [shared_library_windows] load_library C:\git_merge\LIS-ForkLift\WATA.LIS\WATA.LIS\bin\Debug\net6.0-windows\VISION\Plugins\OrbbecBodyTracking.dll failed: 126
2022-12-23 14:22:48,667 ERROR [shared_library_windows] load_library C:\git_merge\LIS-ForkLift\WATA.LIS\WATA.LIS\bin\Debug\net6.0-windows\VISION\Plugins\OrbbecBodyTracking.dll failed: 126
2022-12-23 14:40:12,778 ERROR [shared_library_windows] load_library C:\git_merge\LIS-ForkLift\WATA.LIS\WATA.LIS\bin\Debug\net6.0-windows\VISION\Plugins\OrbbecBodyTracking.dll failed: 126
2022-12-27 16:02:32,261 ERROR [shared_library_windows] load_library C:\git_merge\LIS-ForkLift\WATA.LIS\WATA.LIS\bin\Debug\net6.0-windows\VISION\Plugins\OrbbecBodyTracking.dll failed: 126
2022-12-28 14:56:53,973 ERROR [shared_library_windows] load_library C:\git_merge\LIS-ForkLift\WATA.LIS\WATA.LIS\bin\Debug\net6.0-windows\VISION\Plugins\OrbbecBodyTracking.dll failed: 126
2023-01-02 11:02:52,046 ERROR [shared_library_windows] load_library C:\git_merge\LIS-ForkLift\WATA.LIS\WATA.LIS\bin\Debug\net6.0-windows\VISION\Plugins\OrbbecBodyTracking.dll failed: 126
2023-01-02 11:36:36,604 ERROR [shared_library_windows] load_library C:\git_merge\LIS-ForkLift\WATA.LIS\WATA.LIS\bin\Debug\net6.0-windows\VISION\Plugins\OrbbecBodyTracking.dll failed: 126
2023-01-02 12:07:31,910 ERROR [shared_library_windows] load_library C:\git_merge\LIS-ForkLift\WATA.LIS\WATA.LIS\bin\Debug\net6.0-windows\VISION\Plugins\OrbbecBodyTracking.dll failed: 126
2023-01-02 12:11:06,046 ERROR [shared_library_windows] load_library C:\git_merge\LIS-ForkLift\WATA.LIS\WATA.LIS\bin\Debug\net6.0-windows\VISION\Plugins\OrbbecBodyTracking.dll failed: 126
2023-01-02 12:12:33,009 ERROR [shared_library_windows] load_library C:\git_merge\LIS-ForkLift\WATA.LIS\WATA.LIS\bin\Debug\net6.0-windows\VISION\Plugins\OrbbecBodyTracking.dll failed: 126
2023-01-02 12:14:13,470 ERROR [shared_library_windows] load_library C:\git_merge\LIS-ForkLift\WATA.LIS\WATA.LIS\bin\Debug\net6.0-windows\VISION\Plugins\OrbbecBodyTracking.dll failed: 126
2023-01-02 12:16:10,567 ERROR [shared_library_windows] load_library C:\git_merge\LIS-ForkLift\WATA.LIS\WATA.LIS\bin\Debug\net6.0-windows\VISION\Plugins\OrbbecBodyTracking.dll failed: 126
2023-01-02 13:42:47,725 ERROR [shared_library_windows] load_library C:\git_merge\LIS-ForkLift\WATA.LIS\WATA.LIS\bin\Debug\net6.0-windows\VISION\Plugins\OrbbecBodyTracking.dll failed: 126
2023-01-02 14:53:35,782 ERROR [shared_library_windows] load_library C:\git_merge\LIS-ForkLift\WATA.LIS\WATA.LIS\bin\Debug\net6.0-windows\VISION\Plugins\OrbbecBodyTracking.dll failed: 126
2023-01-02 15:00:11,979 ERROR [shared_library_windows] load_library C:\git_merge\LIS-ForkLift\WATA.LIS\WATA.LIS\bin\Debug\net6.0-windows\VISION\Plugins\OrbbecBodyTracking.dll failed: 126
2023-01-02 15:20:02,808 ERROR [shared_library_windows] load_library C:\git_merge\LIS-ForkLift\WATA.LIS\WATA.LIS\bin\Debug\net6.0-windows\VISION\Plugins\OrbbecBodyTracking.dll failed: 126
2023-01-02 15:22:42,539 ERROR [shared_library_windows] load_library C:\git_merge\LIS-ForkLift\WATA.LIS\WATA.LIS\bin\Debug\net6.0-windows\VISION\Plugins\OrbbecBodyTracking.dll failed: 126
2023-01-02 15:25:53,111 ERROR [shared_library_windows] load_library C:\git_merge\LIS-ForkLift\WATA.LIS\WATA.LIS\bin\Debug\net6.0-windows\VISION\Plugins\OrbbecBodyTracking.dll failed: 126
2023-01-02 15:28:41,972 ERROR [shared_library_windows] load_library C:\git_merge\LIS-ForkLift\WATA.LIS\WATA.LIS\bin\Debug\net6.0-windows\VISION\Plugins\OrbbecBodyTracking.dll failed: 126
2023-01-03 13:20:58,254 ERROR [shared_library_windows] load_library C:\git_merge\LIS-ForkLift\WATA.LIS\WATA.LIS\bin\Debug\net6.0-windows\VISION\Plugins\OrbbecBodyTracking.dll failed: 126
2023-01-06 11:58:40,233 ERROR [shared_library_windows] load_library C:\git_merge\LIS-ForkLift\WATA.LIS\WATA.LIS\bin\Debug\net6.0-windows\VISION\Plugins\OrbbecBodyTracking.dll failed: 126
2023-01-06 12:01:57,724 ERROR [shared_library_windows] load_library C:\git_merge\LIS-ForkLift\WATA.LIS\WATA.LIS\bin\Debug\net6.0-windows\VISION\Plugins\OrbbecBodyTracking.dll failed: 126
2023-01-06 13:56:32,429 ERROR [shared_library_windows] load_library C:\git_merge\LIS-ForkLift\WATA.LIS\WATA.LIS\bin\Debug\net6.0-windows\VISION\Plugins\OrbbecBodyTracking.dll failed: 126
2023-01-06 13:59:39,398 ERROR [shared_library_windows] load_library C:\git_merge\LIS-ForkLift\WATA.LIS\WATA.LIS\bin\Debug\net6.0-windows\VISION\Plugins\OrbbecBodyTracking.dll failed: 126
2023-01-06 14:02:25,646 ERROR [shared_library_windows] load_library C:\git_merge\LIS-ForkLift\WATA.LIS\WATA.LIS\bin\Debug\net6.0-windows\VISION\Plugins\OrbbecBodyTracking.dll failed: 126
2023-01-06 14:05:41,219 ERROR [shared_library_windows] load_library C:\git_merge\LIS-ForkLift\WATA.LIS\WATA.LIS\bin\Debug\net6.0-windows\VISION\Plugins\OrbbecBodyTracking.dll failed: 126
2023-01-06 15:21:36,079 ERROR [shared_library_windows] load_library C:\git_merge\LIS-ForkLift\WATA.LIS\WATA.LIS\bin\Debug\net6.0-windows\VISION\Plugins\OrbbecBodyTracking.dll failed: 126
2023-01-06 15:27:49,733 ERROR [shared_library_windows] load_library C:\git_merge\LIS-ForkLift\WATA.LIS\WATA.LIS\bin\Debug\net6.0-windows\VISION\Plugins\OrbbecBodyTracking.dll failed: 126
2023-01-06 15:30:30,060 ERROR [shared_library_windows] load_library C:\git_merge\LIS-ForkLift\WATA.LIS\WATA.LIS\bin\Debug\net6.0-windows\VISION\Plugins\OrbbecBodyTracking.dll failed: 126
2023-01-06 15:33:38,456 ERROR [shared_library_windows] load_library C:\git_merge\LIS-ForkLift\WATA.LIS\WATA.LIS\bin\Debug\net6.0-windows\VISION\Plugins\OrbbecBodyTracking.dll failed: 126
2023-01-06 16:10:13,905 ERROR [shared_library_windows] load_library C:\git_merge\LIS-ForkLift\WATA.LIS\WATA.LIS\bin\Debug\net6.0-windows\VISION\Plugins\OrbbecBodyTracking.dll failed: 126
2023-01-06 16:13:23,658 ERROR [shared_library_windows] load_library C:\git_merge\LIS-ForkLift\WATA.LIS\WATA.LIS\bin\Debug\net6.0-windows\VISION\Plugins\OrbbecBodyTracking.dll failed: 126
2023-01-06 16:16:37,352 ERROR [shared_library_windows] load_library C:\git_merge\LIS-ForkLift\WATA.LIS\WATA.LIS\bin\Debug\net6.0-windows\VISION\Plugins\OrbbecBodyTracking.dll failed: 126
2023-01-06 16:18:27,430 ERROR [shared_library_windows] load_library C:\git_merge\LIS-ForkLift\WATA.LIS\WATA.LIS\bin\Debug\net6.0-windows\VISION\Plugins\OrbbecBodyTracking.dll failed: 126
2023-01-06 16:21:36,327 ERROR [shared_library_windows] load_library C:\git_merge\LIS-ForkLift\WATA.LIS\WATA.LIS\bin\Debug\net6.0-windows\VISION\Plugins\OrbbecBodyTracking.dll failed: 126
2023-01-06 16:25:23,919 ERROR [shared_library_windows] load_library C:\git_merge\LIS-ForkLift\WATA.LIS\WATA.LIS\bin\Debug\net6.0-windows\VISION\Plugins\OrbbecBodyTracking.dll failed: 126
2023-01-06 16:26:21,685 ERROR [shared_library_windows] load_library C:\git_merge\LIS-ForkLift\WATA.LIS\WATA.LIS\bin\Debug\net6.0-windows\VISION\Plugins\OrbbecBodyTracking.dll failed: 126
2023-01-06 16:34:41,830 ERROR [shared_library_windows] load_library C:\git_merge\LIS-ForkLift\WATA.LIS\WATA.LIS\bin\Debug\net6.0-windows\VISION\Plugins\OrbbecBodyTracking.dll failed: 126
2023-01-06 16:36:49,994 ERROR [shared_library_windows] load_library C:\git_merge\LIS-ForkLift\WATA.LIS\WATA.LIS\bin\Debug\net6.0-windows\VISION\Plugins\OrbbecBodyTracking.dll failed: 126
2023-01-06 16:44:33,137 ERROR [shared_library_windows] load_library C:\git_merge\LIS-ForkLift\WATA.LIS\WATA.LIS\bin\Debug\net6.0-windows\VISION\Plugins\OrbbecBodyTracking.dll failed: 126
2023-01-06 16:45:55,581 ERROR [shared_library_windows] load_library C:\git_merge\LIS-ForkLift\WATA.LIS\WATA.LIS\bin\Debug\net6.0-windows\VISION\Plugins\OrbbecBodyTracking.dll failed: 126
2023-01-06 16:49:31,983 ERROR [shared_library_windows] load_library C:\git_merge\LIS-ForkLift\WATA.LIS\WATA.LIS\bin\Debug\net6.0-windows\VISION\Plugins\OrbbecBodyTracking.dll failed: 126
2023-01-06 16:51:55,278 ERROR [shared_library_windows] load_library C:\git_merge\LIS-ForkLift\WATA.LIS\WATA.LIS\bin\Debug\net6.0-windows\VISION\Plugins\OrbbecBodyTracking.dll failed: 126
2023-01-06 16:53:27,477 ERROR [shared_library_windows] load_library C:\git_merge\LIS-ForkLift\WATA.LIS\WATA.LIS\bin\Debug\net6.0-windows\VISION\Plugins\OrbbecBodyTracking.dll failed: 126
2023-01-06 16:54:48,975 ERROR [shared_library_windows] load_library C:\git_merge\LIS-ForkLift\WATA.LIS\WATA.LIS\bin\Debug\net6.0-windows\VISION\Plugins\OrbbecBodyTracking.dll failed: 126
2023-01-06 16:56:58,921 ERROR [shared_library_windows] load_library C:\git_merge\LIS-ForkLift\WATA.LIS\WATA.LIS\bin\Debug\net6.0-windows\VISION\Plugins\OrbbecBodyTracking.dll failed: 126
2023-01-06 17:00:43,809 ERROR [shared_library_windows] load_library C:\git_merge\LIS-ForkLift\WATA.LIS\WATA.LIS\bin\Debug\net6.0-windows\VISION\Plugins\OrbbecBodyTracking.dll failed: 126
2023-01-06 17:09:53,677 ERROR [shared_library_windows] load_library C:\git_merge\LIS-ForkLift\WATA.LIS\WATA.LIS\bin\Debug\net6.0-windows\VISION\Plugins\OrbbecBodyTracking.dll failed: 126
2023-01-06 17:11:50,984 ERROR [shared_library_windows] load_library C:\git_merge\LIS-ForkLift\WATA.LIS\WATA.LIS\bin\Debug\net6.0-windows\VISION\Plugins\OrbbecBodyTracking.dll failed: 126
2023-01-06 17:15:01,872 ERROR [shared_library_windows] load_library C:\git_merge\LIS-ForkLift\WATA.LIS\WATA.LIS\bin\Debug\net6.0-windows\VISION\Plugins\OrbbecBodyTracking.dll failed: 126
2023-01-06 17:19:16,541 ERROR [shared_library_windows] load_library C:\git_merge\LIS-ForkLift\WATA.LIS\WATA.LIS\bin\Debug\net6.0-windows\VISION\Plugins\OrbbecBodyTracking.dll failed: 126
2023-01-06 17:20:56,363 ERROR [shared_library_windows] load_library C:\git_merge\LIS-ForkLift\WATA.LIS\WATA.LIS\bin\Debug\net6.0-windows\VISION\Plugins\OrbbecBodyTracking.dll failed: 126
2023-01-06 17:22:41,039 ERROR [shared_library_windows] load_library C:\git_merge\LIS-ForkLift\WATA.LIS\WATA.LIS\bin\Debug\net6.0-windows\VISION\Plugins\OrbbecBodyTracking.dll failed: 126
2023-01-06 17:26:32,058 ERROR [shared_library_windows] load_library C:\git_merge\LIS-ForkLift\WATA.LIS\WATA.LIS\bin\Debug\net6.0-windows\VISION\Plugins\OrbbecBodyTracking.dll failed: 126
2023-01-08 08:51:29,171 ERROR [shared_library_windows] load_library C:\git_merge\LIS-ForkLift\WATA.LIS\WATA.LIS\bin\Debug\net6.0-windows\VISION\Plugins\OrbbecBodyTracking.dll failed: 126
2023-01-08 08:58:04,980 ERROR [shared_library_windows] load_library C:\git_merge\LIS-ForkLift\WATA.LIS\WATA.LIS\bin\Debug\net6.0-windows\VISION\Plugins\OrbbecBodyTracking.dll failed: 126
2023-01-08 09:03:38,092 ERROR [shared_library_windows] load_library C:\git_merge\LIS-ForkLift\WATA.LIS\WATA.LIS\bin\Debug\net6.0-windows\VISION\Plugins\OrbbecBodyTracking.dll failed: 126
2023-01-10 12:33:37,871 ERROR [shared_library_windows] load_library C:\git_merge\LIS-ForkLift\WATA.LIS\WATA.LIS\bin\Debug\net6.0-windows\VISION\Plugins\OrbbecBodyTracking.dll failed: 126
2023-01-10 12:37:23,106 ERROR [shared_library_windows] load_library C:\git_merge\LIS-ForkLift\WATA.LIS\WATA.LIS\bin\Debug\net6.0-windows\VISION\Plugins\OrbbecBodyTracking.dll failed: 126
2023-01-10 13:20:01,499 ERROR [shared_library_windows] load_library C:\git_merge\LIS-ForkLift\WATA.LIS\WATA.LIS\bin\Debug\net6.0-windows\VISION\Plugins\OrbbecBodyTracking.dll failed: 126
2023-01-10 13:22:03,495 ERROR [shared_library_windows] load_library C:\git_merge\LIS-ForkLift\WATA.LIS\WATA.LIS\bin\Debug\net6.0-windows\VISION\Plugins\OrbbecBodyTracking.dll failed: 126
2023-01-10 13:23:56,943 ERROR [shared_library_windows] load_library C:\git_merge\LIS-ForkLift\WATA.LIS\WATA.LIS\bin\Debug\net6.0-windows\VISION\Plugins\OrbbecBodyTracking.dll failed: 126
2023-01-10 13:28:14,640 ERROR [shared_library_windows] load_library C:\git_merge\LIS-ForkLift\WATA.LIS\WATA.LIS\bin\Debug\net6.0-windows\VISION\Plugins\OrbbecBodyTracking.dll failed: 126
2023-01-10 13:29:41,791 ERROR [shared_library_windows] load_library C:\git_merge\LIS-ForkLift\WATA.LIS\WATA.LIS\bin\Debug\net6.0-windows\VISION\Plugins\OrbbecBodyTracking.dll failed: 126
2023-01-10 13:31:37,304 ERROR [shared_library_windows] load_library C:\git_merge\LIS-ForkLift\WATA.LIS\WATA.LIS\bin\Debug\net6.0-windows\VISION\Plugins\OrbbecBodyTracking.dll failed: 126
2023-01-10 13:32:46,583 ERROR [shared_library_windows] load_library C:\git_merge\LIS-ForkLift\WATA.LIS\WATA.LIS\bin\Debug\net6.0-windows\VISION\Plugins\OrbbecBodyTracking.dll failed: 126
2023-01-10 13:37:34,210 ERROR [shared_library_windows] load_library C:\git_merge\LIS-ForkLift\WATA.LIS\WATA.LIS\bin\Debug\net6.0-windows\VISION\Plugins\OrbbecBodyTracking.dll failed: 126
2023-01-10 13:39:09,387 ERROR [shared_library_windows] load_library C:\git_merge\LIS-ForkLift\WATA.LIS\WATA.LIS\bin\Debug\net6.0-windows\VISION\Plugins\OrbbecBodyTracking.dll failed: 126
2023-01-10 13:40:15,326 ERROR [shared_library_windows] load_library C:\git_merge\LIS-ForkLift\WATA.LIS\WATA.LIS\bin\Debug\net6.0-windows\VISION\Plugins\OrbbecBodyTracking.dll failed: 126
2023-01-10 13:43:08,803 ERROR [shared_library_windows] load_library C:\git_merge\LIS-ForkLift\WATA.LIS\WATA.LIS\bin\Debug\net6.0-windows\VISION\Plugins\OrbbecBodyTracking.dll failed: 126
2023-01-10 15:22:25,286 ERROR [shared_library_windows] load_library C:\git_merge\LIS-ForkLift\WATA.LIS\WATA.LIS\bin\Debug\net6.0-windows\VISION\Plugins\OrbbecBodyTracking.dll failed: 126
2023-01-10 15:31:04,998 ERROR [shared_library_windows] load_library C:\git_merge\LIS-ForkLift\WATA.LIS\WATA.LIS\bin\Debug\net6.0-windows\VISION\Plugins\OrbbecBodyTracking.dll failed: 126
2023-01-10 15:46:58,209 ERROR [shared_library_windows] load_library C:\git_merge\LIS-ForkLift\WATA.LIS\WATA.LIS\bin\Debug\net6.0-windows\VISION\Plugins\OrbbecBodyTracking.dll failed: 126
2023-01-10 16:14:13,342 ERROR [shared_library_windows] load_library C:\git_merge\LIS-ForkLift\WATA.LIS\WATA.LIS\bin\Debug\net6.0-windows\VISION\Plugins\OrbbecBodyTracking.dll failed: 126
2023-01-10 16:26:14,911 ERROR [shared_library_windows] load_library C:\git_merge\LIS-ForkLift\WATA.LIS\WATA.LIS\bin\Debug\net6.0-windows\VISION\Plugins\OrbbecBodyTracking.dll failed: 126
2023-01-10 16:42:42,415 ERROR [shared_library_windows] load_library C:\git_merge\LIS-ForkLift\WATA.LIS\WATA.LIS\bin\Debug\net6.0-windows\VISION\Plugins\OrbbecBodyTracking.dll failed: 126
2023-01-10 16:46:25,531 ERROR [shared_library_windows] load_library C:\git_merge\LIS-ForkLift\WATA.LIS\WATA.LIS\bin\Debug\net6.0-windows\VISION\Plugins\OrbbecBodyTracking.dll failed: 126
2023-01-10 16:50:17,088 ERROR [shared_library_windows] load_library C:\git_merge\LIS-ForkLift\WATA.LIS\WATA.LIS\bin\Debug\net6.0-windows\VISION\Plugins\OrbbecBodyTracking.dll failed: 126
2023-01-10 16:57:14,184 ERROR [shared_library_windows] load_library C:\git_merge\LIS-ForkLift\WATA.LIS\WATA.LIS\bin\Debug\net6.0-windows\VISION\Plugins\OrbbecBodyTracking.dll failed: 126
2023-01-11 10:48:55,040 ERROR [shared_library_windows] load_library C:\git_merge\LIS-ForkLift\WATA.LIS\WATA.LIS\bin\Debug\net6.0-windows\VISION\Plugins\OrbbecBodyTracking.dll failed: 126
2023-01-11 10:52:39,635 ERROR [shared_library_windows] load_library C:\git_merge\LIS-ForkLift\WATA.LIS\WATA.LIS\bin\Debug\net6.0-windows\VISION\Plugins\OrbbecBodyTracking.dll failed: 126
2023-01-11 10:53:01,999 ERROR [shared_library_windows] load_library C:\git_merge\LIS-ForkLift\WATA.LIS\WATA.LIS\bin\Debug\net6.0-windows\VISION\Plugins\OrbbecBodyTracking.dll failed: 126
2023-01-11 10:53:56,724 ERROR [shared_library_windows] load_library C:\git_merge\LIS-ForkLift\WATA.LIS\WATA.LIS\bin\Debug\net6.0-windows\VISION\Plugins\OrbbecBodyTracking.dll failed: 126
2023-01-11 10:55:12,779 ERROR [shared_library_windows] load_library C:\git_merge\LIS-ForkLift\WATA.LIS\WATA.LIS\bin\Debug\net6.0-windows\VISION\Plugins\OrbbecBodyTracking.dll failed: 126
2023-01-11 10:55:33,329 ERROR [shared_library_windows] load_library C:\git_merge\LIS-ForkLift\WATA.LIS\WATA.LIS\bin\Debug\net6.0-windows\VISION\Plugins\OrbbecBodyTracking.dll failed: 126
2023-01-11 10:57:12,665 ERROR [shared_library_windows] load_library C:\git_merge\LIS-ForkLift\WATA.LIS\WATA.LIS\bin\Debug\net6.0-windows\VISION\Plugins\OrbbecBodyTracking.dll failed: 126
2023-01-11 10:58:43,326 ERROR [shared_library_windows] load_library C:\git_merge\LIS-ForkLift\WATA.LIS\WATA.LIS\bin\Debug\net6.0-windows\VISION\Plugins\OrbbecBodyTracking.dll failed: 126
2023-01-11 11:08:48,304 ERROR [shared_library_windows] load_library C:\git_merge\LIS-ForkLift\WATA.LIS\WATA.LIS\bin\Debug\net6.0-windows\VISION\Plugins\OrbbecBodyTracking.dll failed: 126
2023-01-11 20:29:50,080 ERROR [shared_library_windows] load_library C:\git_merge\LIS-ForkLift\WATA.LIS\WATA.LIS\bin\Debug\net6.0-windows\VISION\Plugins\OrbbecBodyTracking.dll failed: 126
2023-01-16 15:05:56,903 ERROR [shared_library_windows] load_library C:\git_merge\LIS-ForkLift\WATA.LIS\WATA.LIS\bin\Debug\net6.0-windows\VISION\Plugins\OrbbecBodyTracking.dll failed: 126
2023-01-16 15:05:56,903 ERROR [shared_library_windows] load_library C:\git_merge\LIS-ForkLift\WATA.LIS\WATA.LIS\bin\Debug\net6.0-windows\VISION\Plugins\OrbbecBodyTracking.dll failed: 126
2023-01-16 15:06:01,951 ERROR [shared_library_windows] load_library C:\git_merge\LIS-ForkLift\WATA.LIS\WATA.LIS\bin\Debug\net6.0-windows\VISION\Plugins\OrbbecBodyTracking.dll failed: 126
2023-01-16 15:06:06,939 ERROR [shared_library_windows] load_library C:\git_merge\LIS-ForkLift\WATA.LIS\WATA.LIS\bin\Debug\net6.0-windows\VISION\Plugins\OrbbecBodyTracking.dll failed: 126
2023-01-16 15:06:12,077 ERROR [shared_library_windows] load_library C:\git_merge\LIS-ForkLift\WATA.LIS\WATA.LIS\bin\Debug\net6.0-windows\VISION\Plugins\OrbbecBodyTracking.dll failed: 126
2023-01-16 15:06:17,239 ERROR [shared_library_windows] load_library C:\git_merge\LIS-ForkLift\WATA.LIS\WATA.LIS\bin\Debug\net6.0-windows\VISION\Plugins\OrbbecBodyTracking.dll failed: 126
2023-01-16 15:06:22,210 ERROR [shared_library_windows] load_library C:\git_merge\LIS-ForkLift\WATA.LIS\WATA.LIS\bin\Debug\net6.0-windows\VISION\Plugins\OrbbecBodyTracking.dll failed: 126
2023-01-16 15:06:27,380 ERROR [shared_library_windows] load_library C:\git_merge\LIS-ForkLift\WATA.LIS\WATA.LIS\bin\Debug\net6.0-windows\VISION\Plugins\OrbbecBodyTracking.dll failed: 126
2023-01-16 15:06:32,368 ERROR [shared_library_windows] load_library C:\git_merge\LIS-ForkLift\WATA.LIS\WATA.LIS\bin\Debug\net6.0-windows\VISION\Plugins\OrbbecBodyTracking.dll failed: 126
2023-01-16 15:06:37,500 ERROR [shared_library_windows] load_library C:\git_merge\LIS-ForkLift\WATA.LIS\WATA.LIS\bin\Debug\net6.0-windows\VISION\Plugins\OrbbecBodyTracking.dll failed: 126
2023-01-16 15:06:42,411 ERROR [shared_library_windows] load_library C:\git_merge\LIS-ForkLift\WATA.LIS\WATA.LIS\bin\Debug\net6.0-windows\VISION\Plugins\OrbbecBodyTracking.dll failed: 126
2023-01-16 15:06:47,333 ERROR [shared_library_windows] load_library C:\git_merge\LIS-ForkLift\WATA.LIS\WATA.LIS\bin\Debug\net6.0-windows\VISION\Plugins\OrbbecBodyTracking.dll failed: 126
2023-01-16 15:06:52,574 ERROR [shared_library_windows] load_library C:\git_merge\LIS-ForkLift\WATA.LIS\WATA.LIS\bin\Debug\net6.0-windows\VISION\Plugins\OrbbecBodyTracking.dll failed: 126
2023-01-16 15:06:57,669 ERROR [shared_library_windows] load_library C:\git_merge\LIS-ForkLift\WATA.LIS\WATA.LIS\bin\Debug\net6.0-windows\VISION\Plugins\OrbbecBodyTracking.dll failed: 126
2023-01-16 15:07:02,784 ERROR [shared_library_windows] load_library C:\git_merge\LIS-ForkLift\WATA.LIS\WATA.LIS\bin\Debug\net6.0-windows\VISION\Plugins\OrbbecBodyTracking.dll failed: 126
2023-01-16 15:07:07,757 ERROR [shared_library_windows] load_library C:\git_merge\LIS-ForkLift\WATA.LIS\WATA.LIS\bin\Debug\net6.0-windows\VISION\Plugins\OrbbecBodyTracking.dll failed: 126
2023-01-16 15:07:12,973 ERROR [shared_library_windows] load_library C:\git_merge\LIS-ForkLift\WATA.LIS\WATA.LIS\bin\Debug\net6.0-windows\VISION\Plugins\OrbbecBodyTracking.dll failed: 126
2023-01-16 15:07:17,998 ERROR [shared_library_windows] load_library C:\git_merge\LIS-ForkLift\WATA.LIS\WATA.LIS\bin\Debug\net6.0-windows\VISION\Plugins\OrbbecBodyTracking.dll failed: 126
2023-01-16 15:07:23,093 ERROR [shared_library_windows] load_library C:\git_merge\LIS-ForkLift\WATA.LIS\WATA.LIS\bin\Debug\net6.0-windows\VISION\Plugins\OrbbecBodyTracking.dll failed: 126
2023-01-16 15:07:27,877 ERROR [shared_library_windows] load_library C:\git_merge\LIS-ForkLift\WATA.LIS\WATA.LIS\bin\Debug\net6.0-windows\VISION\Plugins\OrbbecBodyTracking.dll failed: 126
2023-01-16 15:07:33,103 ERROR [shared_library_windows] load_library C:\git_merge\LIS-ForkLift\WATA.LIS\WATA.LIS\bin\Debug\net6.0-windows\VISION\Plugins\OrbbecBodyTracking.dll failed: 126
2023-01-16 15:07:38,277 ERROR [shared_library_windows] load_library C:\git_merge\LIS-ForkLift\WATA.LIS\WATA.LIS\bin\Debug\net6.0-windows\VISION\Plugins\OrbbecBodyTracking.dll failed: 126
2023-01-16 15:07:43,234 ERROR [shared_library_windows] load_library C:\git_merge\LIS-ForkLift\WATA.LIS\WATA.LIS\bin\Debug\net6.0-windows\VISION\Plugins\OrbbecBodyTracking.dll failed: 126
2023-01-16 15:07:48,460 ERROR [shared_library_windows] load_library C:\git_merge\LIS-ForkLift\WATA.LIS\WATA.LIS\bin\Debug\net6.0-windows\VISION\Plugins\OrbbecBodyTracking.dll failed: 126
2023-01-16 15:07:53,504 ERROR [shared_library_windows] load_library C:\git_merge\LIS-ForkLift\WATA.LIS\WATA.LIS\bin\Debug\net6.0-windows\VISION\Plugins\OrbbecBodyTracking.dll failed: 126
2023-01-16 15:07:58,373 ERROR [shared_library_windows] load_library C:\git_merge\LIS-ForkLift\WATA.LIS\WATA.LIS\bin\Debug\net6.0-windows\VISION\Plugins\OrbbecBodyTracking.dll failed: 126
2023-01-16 15:08:03,603 ERROR [shared_library_windows] load_library C:\git_merge\LIS-ForkLift\WATA.LIS\WATA.LIS\bin\Debug\net6.0-windows\VISION\Plugins\OrbbecBodyTracking.dll failed: 126
2023-01-16 15:08:08,813 ERROR [shared_library_windows] load_library C:\git_merge\LIS-ForkLift\WATA.LIS\WATA.LIS\bin\Debug\net6.0-windows\VISION\Plugins\OrbbecBodyTracking.dll failed: 126
2023-01-16 15:08:13,757 ERROR [shared_library_windows] load_library C:\git_merge\LIS-ForkLift\WATA.LIS\WATA.LIS\bin\Debug\net6.0-windows\VISION\Plugins\OrbbecBodyTracking.dll failed: 126
2023-01-16 15:08:18,784 ERROR [shared_library_windows] load_library C:\git_merge\LIS-ForkLift\WATA.LIS\WATA.LIS\bin\Debug\net6.0-windows\VISION\Plugins\OrbbecBodyTracking.dll failed: 126
2023-01-16 15:08:23,803 ERROR [shared_library_windows] load_library C:\git_merge\LIS-ForkLift\WATA.LIS\WATA.LIS\bin\Debug\net6.0-windows\VISION\Plugins\OrbbecBodyTracking.dll failed: 126
2023-01-16 15:08:29,016 ERROR [shared_library_windows] load_library C:\git_merge\LIS-ForkLift\WATA.LIS\WATA.LIS\bin\Debug\net6.0-windows\VISION\Plugins\OrbbecBodyTracking.dll failed: 126
2023-01-16 15:08:34,082 ERROR [shared_library_windows] load_library C:\git_merge\LIS-ForkLift\WATA.LIS\WATA.LIS\bin\Debug\net6.0-windows\VISION\Plugins\OrbbecBodyTracking.dll failed: 126
2023-01-16 15:08:39,470 ERROR [shared_library_windows] load_library C:\git_merge\LIS-ForkLift\WATA.LIS\WATA.LIS\bin\Debug\net6.0-windows\VISION\Plugins\OrbbecBodyTracking.dll failed: 126
2023-01-16 15:08:44,403 ERROR [shared_library_windows] load_library C:\git_merge\LIS-ForkLift\WATA.LIS\WATA.LIS\bin\Debug\net6.0-windows\VISION\Plugins\OrbbecBodyTracking.dll failed: 126
2023-01-16 15:08:49,484 ERROR [shared_library_windows] load_library C:\git_merge\LIS-ForkLift\WATA.LIS\WATA.LIS\bin\Debug\net6.0-windows\VISION\Plugins\OrbbecBodyTracking.dll failed: 126
2023-01-16 15:08:54,667 ERROR [shared_library_windows] load_library C:\git_merge\LIS-ForkLift\WATA.LIS\WATA.LIS\bin\Debug\net6.0-windows\VISION\Plugins\OrbbecBodyTracking.dll failed: 126
2023-01-16 15:08:59,570 ERROR [shared_library_windows] load_library C:\git_merge\LIS-ForkLift\WATA.LIS\WATA.LIS\bin\Debug\net6.0-windows\VISION\Plugins\OrbbecBodyTracking.dll failed: 126
2023-01-16 15:09:04,661 ERROR [shared_library_windows] load_library C:\git_merge\LIS-ForkLift\WATA.LIS\WATA.LIS\bin\Debug\net6.0-windows\VISION\Plugins\OrbbecBodyTracking.dll failed: 126
2023-01-16 15:09:09,717 ERROR [shared_library_windows] load_library C:\git_merge\LIS-ForkLift\WATA.LIS\WATA.LIS\bin\Debug\net6.0-windows\VISION\Plugins\OrbbecBodyTracking.dll failed: 126
2023-01-16 15:09:14,688 ERROR [shared_library_windows] load_library C:\git_merge\LIS-ForkLift\WATA.LIS\WATA.LIS\bin\Debug\net6.0-windows\VISION\Plugins\OrbbecBodyTracking.dll failed: 126
2023-01-16 15:09:19,940 ERROR [shared_library_windows] load_library C:\git_merge\LIS-ForkLift\WATA.LIS\WATA.LIS\bin\Debug\net6.0-windows\VISION\Plugins\OrbbecBodyTracking.dll failed: 126
2023-01-16 15:09:24,837 ERROR [shared_library_windows] load_library C:\git_merge\LIS-ForkLift\WATA.LIS\WATA.LIS\bin\Debug\net6.0-windows\VISION\Plugins\OrbbecBodyTracking.dll failed: 126
2023-01-16 15:09:30,152 ERROR [shared_library_windows] load_library C:\git_merge\LIS-ForkLift\WATA.LIS\WATA.LIS\bin\Debug\net6.0-windows\VISION\Plugins\OrbbecBodyTracking.dll failed: 126
2023-01-16 15:09:34,939 ERROR [shared_library_windows] load_library C:\git_merge\LIS-ForkLift\WATA.LIS\WATA.LIS\bin\Debug\net6.0-windows\VISION\Plugins\OrbbecBodyTracking.dll failed: 126
2023-01-16 15:09:40,102 ERROR [shared_library_windows] load_library C:\git_merge\LIS-ForkLift\WATA.LIS\WATA.LIS\bin\Debug\net6.0-windows\VISION\Plugins\OrbbecBodyTracking.dll failed: 126
2023-01-16 15:09:45,164 ERROR [shared_library_windows] load_library C:\git_merge\LIS-ForkLift\WATA.LIS\WATA.LIS\bin\Debug\net6.0-windows\VISION\Plugins\OrbbecBodyTracking.dll failed: 126
2023-01-16 15:09:50,468 ERROR [shared_library_windows] load_library C:\git_merge\LIS-ForkLift\WATA.LIS\WATA.LIS\bin\Debug\net6.0-windows\VISION\Plugins\OrbbecBodyTracking.dll failed: 126
2023-01-16 15:09:55,332 ERROR [shared_library_windows] load_library C:\git_merge\LIS-ForkLift\WATA.LIS\WATA.LIS\bin\Debug\net6.0-windows\VISION\Plugins\OrbbecBodyTracking.dll failed: 126
2023-01-16 15:10:00,488 ERROR [shared_library_windows] load_library C:\git_merge\LIS-ForkLift\WATA.LIS\WATA.LIS\bin\Debug\net6.0-windows\VISION\Plugins\OrbbecBodyTracking.dll failed: 126
2023-01-16 15:10:05,791 ERROR [shared_library_windows] load_library C:\git_merge\LIS-ForkLift\WATA.LIS\WATA.LIS\bin\Debug\net6.0-windows\VISION\Plugins\OrbbecBodyTracking.dll failed: 126
2023-01-16 15:10:10,717 ERROR [shared_library_windows] load_library C:\git_merge\LIS-ForkLift\WATA.LIS\WATA.LIS\bin\Debug\net6.0-windows\VISION\Plugins\OrbbecBodyTracking.dll failed: 126
2023-01-16 15:10:15,976 ERROR [shared_library_windows] load_library C:\git_merge\LIS-ForkLift\WATA.LIS\WATA.LIS\bin\Debug\net6.0-windows\VISION\Plugins\OrbbecBodyTracking.dll failed: 126
2023-01-17 15:48:23,072 ERROR [shared_library_windows] load_library C:\git_merge\LIS-ForkLift\WATA.LIS\WATA.LIS\bin\Debug\net6.0-windows\VISION\Plugins\OrbbecBodyTracking.dll failed: 126
2023-01-19 12:09:51,196 ERROR [shared_library_windows] load_library C:\git_merge\LIS-ForkLift\WATA.LIS\WATA.LIS\bin\Debug\net6.0-windows\VISION\Plugins\OrbbecBodyTracking.dll failed: 126
2023-01-19 12:13:43,540 ERROR [shared_library_windows] load_library C:\git_merge\LIS-ForkLift\WATA.LIS\WATA.LIS\bin\Debug\net6.0-windows\VISION\Plugins\OrbbecBodyTracking.dll failed: 126
2023-01-19 14:23:37,469 ERROR [shared_library_windows] load_library C:\git_merge\LIS-ForkLift\WATA.LIS\WATA.LIS\bin\Debug\net6.0-windows\VISION\Plugins\OrbbecBodyTracking.dll failed: 126
2023-01-19 14:29:45,064 ERROR [shared_library_windows] load_library C:\git_merge\LIS-ForkLift\WATA.LIS\WATA.LIS\bin\Debug\net6.0-windows\VISION\Plugins\OrbbecBodyTracking.dll failed: 126
2023-01-19 14:31:46,235 ERROR [shared_library_windows] load_library C:\git_merge\LIS-ForkLift\WATA.LIS\WATA.LIS\bin\Debug\net6.0-windows\VISION\Plugins\OrbbecBodyTracking.dll failed: 126
2023-01-19 14:32:25,636 ERROR [shared_library_windows] load_library C:\git_merge\LIS-ForkLift\WATA.LIS\WATA.LIS\bin\Debug\net6.0-windows\VISION\Plugins\OrbbecBodyTracking.dll failed: 126
2023-01-19 14:44:43,990 ERROR [shared_library_windows] load_library C:\git_merge\LIS-ForkLift\WATA.LIS\WATA.LIS\bin\Debug\net6.0-windows\VISION\Plugins\OrbbecBodyTracking.dll failed: 126
2023-01-19 14:45:49,338 ERROR [shared_library_windows] load_library C:\git_merge\LIS-ForkLift\WATA.LIS\WATA.LIS\bin\Debug\net6.0-windows\VISION\Plugins\OrbbecBodyTracking.dll failed: 126
2023-01-19 14:47:14,620 ERROR [shared_library_windows] load_library C:\git_merge\LIS-ForkLift\WATA.LIS\WATA.LIS\bin\Debug\net6.0-windows\VISION\Plugins\OrbbecBodyTracking.dll failed: 126
2023-01-19 14:48:05,501 ERROR [shared_library_windows] load_library C:\git_merge\LIS-ForkLift\WATA.LIS\WATA.LIS\bin\Debug\net6.0-windows\VISION\Plugins\OrbbecBodyTracking.dll failed: 126
2023-01-19 14:48:28,297 ERROR [shared_library_windows] load_library C:\git_merge\LIS-ForkLift\WATA.LIS\WATA.LIS\bin\Debug\net6.0-windows\VISION\Plugins\OrbbecBodyTracking.dll failed: 126
2023-01-19 14:50:28,316 ERROR [shared_library_windows] load_library C:\git_merge\LIS-ForkLift\WATA.LIS\WATA.LIS\bin\Debug\net6.0-windows\VISION\Plugins\OrbbecBodyTracking.dll failed: 126
2023-01-19 14:54:49,865 ERROR [shared_library_windows] load_library C:\git_merge\LIS-ForkLift\WATA.LIS\WATA.LIS\bin\Debug\net6.0-windows\VISION\Plugins\OrbbecBodyTracking.dll failed: 126
2023-01-19 14:58:47,708 ERROR [shared_library_windows] load_library C:\git_merge\LIS-ForkLift\WATA.LIS\WATA.LIS\bin\Debug\net6.0-windows\VISION\Plugins\OrbbecBodyTracking.dll failed: 126
2023-01-19 15:05:47,363 ERROR [shared_library_windows] load_library C:\git_merge\LIS-ForkLift\WATA.LIS\WATA.LIS\bin\Debug\net6.0-windows\VISION\Plugins\OrbbecBodyTracking.dll failed: 126
2023-01-19 15:06:10,232 ERROR [shared_library_windows] load_library C:\git_merge\LIS-ForkLift\WATA.LIS\WATA.LIS\bin\Debug\net6.0-windows\VISION\Plugins\OrbbecBodyTracking.dll failed: 126
2023-01-19 15:06:51,636 ERROR [shared_library_windows] load_library C:\git_merge\LIS-ForkLift\WATA.LIS\WATA.LIS\bin\Debug\net6.0-windows\VISION\Plugins\OrbbecBodyTracking.dll failed: 126
2023-01-19 15:07:56,850 ERROR [shared_library_windows] load_library C:\git_merge\LIS-ForkLift\WATA.LIS\WATA.LIS\bin\Debug\net6.0-windows\VISION\Plugins\OrbbecBodyTracking.dll failed: 126
2023-01-19 15:08:59,961 ERROR [shared_library_windows] load_library C:\git_merge\LIS-ForkLift\WATA.LIS\WATA.LIS\bin\Debug\net6.0-windows\VISION\Plugins\OrbbecBodyTracking.dll failed: 126
2023-01-19 15:09:46,999 ERROR [shared_library_windows] load_library C:\git_merge\LIS-ForkLift\WATA.LIS\WATA.LIS\bin\Debug\net6.0-windows\VISION\Plugins\OrbbecBodyTracking.dll failed: 126
2023-01-19 15:10:22,696 ERROR [shared_library_windows] load_library C:\git_merge\LIS-ForkLift\WATA.LIS\WATA.LIS\bin\Debug\net6.0-windows\VISION\Plugins\OrbbecBodyTracking.dll failed: 126
2023-01-19 15:14:03,520 ERROR [shared_library_windows] load_library C:\git_merge\LIS-ForkLift\WATA.LIS\WATA.LIS\bin\Debug\net6.0-windows\VISION\Plugins\OrbbecBodyTracking.dll failed: 126
2023-01-19 15:14:37,586 ERROR [shared_library_windows] load_library C:\git_merge\LIS-ForkLift\WATA.LIS\WATA.LIS\bin\Debug\net6.0-windows\VISION\Plugins\OrbbecBodyTracking.dll failed: 126
2023-01-19 15:21:09,430 ERROR [shared_library_windows] load_library C:\git_merge\LIS-ForkLift\WATA.LIS\WATA.LIS\bin\Debug\net6.0-windows\VISION\Plugins\OrbbecBodyTracking.dll failed: 126
2023-01-19 15:23:39,917 ERROR [shared_library_windows] load_library C:\git_merge\LIS-ForkLift\WATA.LIS\WATA.LIS\bin\Debug\net6.0-windows\VISION\Plugins\OrbbecBodyTracking.dll failed: 126
2023-01-19 15:26:06,766 ERROR [shared_library_windows] load_library C:\git_merge\LIS-ForkLift\WATA.LIS\WATA.LIS\bin\Debug\net6.0-windows\VISION\Plugins\OrbbecBodyTracking.dll failed: 126
2023-01-31 10:39:30,611 ERROR [shared_library_windows] load_library C:\git_merge\new\LIS-ForkLift\WATA.LIS\WATA.LIS\bin\Debug\net6.0-windows10.0.18362.0\VISION\Plugins\OrbbecBodyTracking.dll failed: 126
2023-01-31 10:56:58,299 ERROR [shared_library_windows] load_library C:\git_merge\new\LIS-ForkLift\WATA.LIS\WATA.LIS\bin\Debug\net6.0-windows10.0.18362.0\VISION\Plugins\OrbbecBodyTracking.dll failed: 126
2023-01-31 10:58:16,539 ERROR [shared_library_windows] load_library C:\git_merge\new\LIS-ForkLift\WATA.LIS\WATA.LIS\bin\Debug\net6.0-windows10.0.18362.0\VISION\Plugins\OrbbecBodyTracking.dll failed: 126
2023-01-31 11:00:44,047 ERROR [shared_library_windows] load_library C:\git_merge\new\LIS-ForkLift\WATA.LIS\WATA.LIS\bin\Debug\net6.0-windows10.0.18362.0\VISION\Plugins\OrbbecBodyTracking.dll failed: 126
2023-01-31 11:11:45,502 ERROR [shared_library_windows] load_library C:\git_merge\new\LIS-ForkLift\WATA.LIS\WATA.LIS\bin\Debug\net6.0-windows10.0.18362.0\VISION\Plugins\OrbbecBodyTracking.dll failed: 126
2023-01-31 11:12:49,533 ERROR [shared_library_windows] load_library C:\git_merge\new\LIS-ForkLift\WATA.LIS\WATA.LIS\bin\Debug\net6.0-windows10.0.18362.0\VISION\Plugins\OrbbecBodyTracking.dll failed: 126
2023-01-31 11:16:41,466 ERROR [shared_library_windows] load_library C:\git_merge\new\LIS-ForkLift\WATA.LIS\WATA.LIS\bin\Debug\net6.0-windows10.0.18362.0\VISION\Plugins\OrbbecBodyTracking.dll failed: 126
2023-01-31 11:22:27,449 ERROR [shared_library_windows] load_library C:\git_merge\new\LIS-ForkLift\WATA.LIS\WATA.LIS\bin\Debug\net6.0-windows10.0.18362.0\VISION\Plugins\OrbbecBodyTracking.dll failed: 126
2023-01-31 12:27:53,854 ERROR [shared_library_windows] load_library C:\git_merge\new\LIS-ForkLift\WATA.LIS\WATA.LIS\bin\Debug\net6.0-windows10.0.18362.0\VISION\Plugins\OrbbecBodyTracking.dll failed: 126
2023-01-31 15:11:06,814 ERROR [shared_library_windows] load_library C:\git_merge\new\LIS-ForkLift\WATA.LIS\WATA.LIS\bin\Debug\net6.0-windows10.0.18362.0\VISION\Plugins\OrbbecBodyTracking.dll failed: 126
2023-01-31 15:14:12,407 ERROR [shared_library_windows] load_library C:\git_merge\new\LIS-ForkLift\WATA.LIS\WATA.LIS\bin\Debug\net6.0-windows10.0.18362.0\VISION\Plugins\OrbbecBodyTracking.dll failed: 126
2023-01-31 15:15:26,182 ERROR [shared_library_windows] load_library C:\git_merge\new\LIS-ForkLift\WATA.LIS\WATA.LIS\bin\Debug\net6.0-windows10.0.18362.0\VISION\Plugins\OrbbecBodyTracking.dll failed: 126
2023-01-31 15:28:53,013 ERROR [shared_library_windows] load_library C:\git_merge\new\LIS-ForkLift\WATA.LIS\WATA.LIS\bin\Debug\net6.0-windows10.0.18362.0\VISION\Plugins\OrbbecBodyTracking.dll failed: 126
2023-01-31 16:25:36,581 ERROR [shared_library_windows] load_library C:\git_merge\new\LIS-ForkLift\WATA.LIS\WATA.LIS\bin\Debug\net6.0-windows10.0.18362.0\VISION\Plugins\OrbbecBodyTracking.dll failed: 126
2023-01-31 16:27:11,908 ERROR [shared_library_windows] load_library C:\git_merge\new\LIS-ForkLift\WATA.LIS\WATA.LIS\bin\Debug\net6.0-windows10.0.18362.0\VISION\Plugins\OrbbecBodyTracking.dll failed: 126
2023-01-31 16:29:19,659 ERROR [shared_library_windows] load_library C:\git_merge\new\LIS-ForkLift\WATA.LIS\WATA.LIS\bin\Debug\net6.0-windows10.0.18362.0\VISION\Plugins\OrbbecBodyTracking.dll failed: 126
2023-01-31 16:30:53,282 ERROR [shared_library_windows] load_library C:\git_merge\new\LIS-ForkLift\WATA.LIS\WATA.LIS\bin\Debug\net6.0-windows10.0.18362.0\VISION\Plugins\OrbbecBodyTracking.dll failed: 126
2023-01-31 16:40:11,830 ERROR [shared_library_windows] load_library C:\git_merge\new\LIS-ForkLift\WATA.LIS\WATA.LIS\bin\Debug\net6.0-windows10.0.18362.0\VISION\Plugins\OrbbecBodyTracking.dll failed: 126
