2022-11-04 10:52:54,688 ERROR [astra] Body Tracking Error: 0x500006e9 Invalid Orbbec Body Tracking license. Please purchase Orbbec Body Tracking License.
2022-11-04 11:42:44,288 ERROR [astra] Body Tracking Error: 0x50000669 Invalid Orbbec Body Tracking license. Please purchase Orbbec Body Tracking License.
2022-11-04 11:43:29,028 ERROR [astra] Body Tracking Error: 0x50000649 Invalid Orbbec Body Tracking license. Please purchase Orbbec Body Tracking License.
2022-11-04 11:48:38,651 ERROR [astra] Body Tracking Error: 0x500006b9 Invalid Orbbec Body Tracking license. Please purchase Orbbec Body Tracking License.
2022-11-08 17:35:55,525 ERROR [orbbec.ni.device_streamset] failed to open device: 	Could not open "\\?\usb#vid_2bc5&pid_0402&mi_00#7&18716da0&0&0000#{c3b5f022-5a42-1980-1909-ea72095601b1}": Failed to receive a USB control request!

2022-11-09 13:43:59,871 ERROR [orbbec.ni.WmfBackend] Unable to initialize COM (HRESULT 0x80010106: "스레드 모드가 설정된 후에는 바꿀 수 없습니다.")
2022-11-09 13:44:43,564 ERROR [orbbec.ni.WmfBackend] Unable to initialize COM (HRESULT 0x80010106: "스레드 모드가 설정된 후에는 바꿀 수 없습니다.")
2022-11-09 13:45:33,938 ERROR [orbbec.ni.WmfBackend] Unable to initialize COM (HRESULT 0x80010106: "스레드 모드가 설정된 후에는 바꿀 수 없습니다.")
2022-11-09 13:46:52,532 ERROR [orbbec.ni.WmfBackend] Unable to initialize COM (HRESULT 0x80010106: "스레드 모드가 설정된 후에는 바꿀 수 없습니다.")
2022-11-09 13:49:33,377 ERROR [orbbec.ni.WmfBackend] Unable to initialize COM (HRESULT 0x80010106: "스레드 모드가 설정된 후에는 바꿀 수 없습니다.")
2022-11-09 13:56:32,250 ERROR [orbbec.ni.WmfBackend] Unable to initialize COM (HRESULT 0x80010106: "스레드 모드가 설정된 후에는 바꿀 수 없습니다.")
2022-11-09 13:59:14,196 ERROR [orbbec.ni.WmfBackend] Unable to initialize COM (HRESULT 0x80010106: "스레드 모드가 설정된 후에는 바꿀 수 없습니다.")
2022-11-09 14:01:22,407 ERROR [orbbec.ni.WmfBackend] Unable to initialize COM (HRESULT 0x80010106: "스레드 모드가 설정된 후에는 바꿀 수 없습니다.")
2022-11-09 14:03:44,533 ERROR [orbbec.ni.WmfBackend] Unable to initialize COM (HRESULT 0x80010106: "스레드 모드가 설정된 후에는 바꿀 수 없습니다.")
2022-11-09 14:04:28,500 ERROR [orbbec.ni.WmfBackend] Unable to initialize COM (HRESULT 0x80010106: "스레드 모드가 설정된 후에는 바꿀 수 없습니다.")
2022-11-09 14:05:29,546 ERROR [orbbec.ni.WmfBackend] Unable to initialize COM (HRESULT 0x80010106: "스레드 모드가 설정된 후에는 바꿀 수 없습니다.")
2022-11-09 14:06:26,399 ERROR [orbbec.ni.WmfBackend] Unable to initialize COM (HRESULT 0x80010106: "스레드 모드가 설정된 후에는 바꿀 수 없습니다.")
2022-11-09 14:06:53,108 ERROR [orbbec.ni.WmfBackend] Unable to initialize COM (HRESULT 0x80010106: "스레드 모드가 설정된 후에는 바꿀 수 없습니다.")
2022-11-09 14:07:20,720 ERROR [orbbec.ni.WmfBackend] Unable to initialize COM (HRESULT 0x80010106: "스레드 모드가 설정된 후에는 바꿀 수 없습니다.")
2022-11-09 14:07:32,754 ERROR [orbbec.ni.WmfBackend] Unable to initialize COM (HRESULT 0x80010106: "스레드 모드가 설정된 후에는 바꿀 수 없습니다.")
2022-11-09 14:12:44,951 ERROR [orbbec.ni.WmfBackend] Unable to initialize COM (HRESULT 0x80010106: "스레드 모드가 설정된 후에는 바꿀 수 없습니다.")
2022-11-09 14:19:55,313 ERROR [orbbec.ni.WmfBackend] Unable to initialize COM (HRESULT 0x80010106: "스레드 모드가 설정된 후에는 바꿀 수 없습니다.")
2022-11-09 14:20:57,283 ERROR [orbbec.ni.WmfBackend] Unable to initialize COM (HRESULT 0x80010106: "스레드 모드가 설정된 후에는 바꿀 수 없습니다.")
2022-11-09 14:22:14,758 ERROR [orbbec.ni.WmfBackend] Unable to initialize COM (HRESULT 0x80010106: "스레드 모드가 설정된 후에는 바꿀 수 없습니다.")
2022-11-09 14:28:13,393 ERROR [orbbec.ni.WmfBackend] Unable to initialize COM (HRESULT 0x80010106: "스레드 모드가 설정된 후에는 바꿀 수 없습니다.")
2022-11-09 14:30:24,171 ERROR [orbbec.ni.WmfBackend] Unable to initialize COM (HRESULT 0x80010106: "스레드 모드가 설정된 후에는 바꿀 수 없습니다.")
2022-11-09 14:47:09,246 ERROR [orbbec.ni.WmfBackend] Unable to initialize COM (HRESULT 0x80010106: "스레드 모드가 설정된 후에는 바꿀 수 없습니다.")
2022-11-15 17:40:12,519 ERROR [shared_library_windows] load_library C:\Users\wata\source\repos\vision_forklift\x64\Release\Plugins\OrbbecBodyTracking.dll failed: 126
2022-11-15 17:41:18,605 ERROR [shared_library_windows] load_library C:\Users\wata\source\repos\vision_forklift\x64\Release\Plugins\OrbbecBodyTracking.dll failed: 126
2022-11-15 18:29:48,940 ERROR [shared_library_windows] load_library C:\Users\wata\source\repos\vision_forklift\x64\Release\Plugins\OrbbecBodyTracking.dll failed: 126
2022-11-15 18:46:24,163 ERROR [shared_library_windows] load_library C:\Users\wata\source\repos\vision_forklift\x64\Release\Plugins\OrbbecBodyTracking.dll failed: 126
2022-11-15 18:47:55,295 ERROR [shared_library_windows] load_library C:\Users\wata\source\repos\vision_forklift\x64\Release\Plugins\OrbbecBodyTracking.dll failed: 126
2022-11-15 18:49:05,265 ERROR [shared_library_windows] load_library C:\Users\wata\source\repos\vision_forklift\x64\Release\Plugins\OrbbecBodyTracking.dll failed: 126
2022-11-15 18:49:51,940 ERROR [shared_library_windows] load_library C:\Users\wata\source\repos\vision_forklift\x64\Release\Plugins\OrbbecBodyTracking.dll failed: 126
2022-11-15 18:53:17,884 ERROR [shared_library_windows] load_library C:\Users\wata\source\repos\vision_forklift\x64\Release\Plugins\OrbbecBodyTracking.dll failed: 126
2022-11-15 18:54:06,969 ERROR [shared_library_windows] load_library C:\Users\wata\source\repos\vision_forklift\x64\Release\Plugins\OrbbecBodyTracking.dll failed: 126
2022-11-16 10:09:02,645 ERROR [shared_library_windows] load_library C:\Users\wata\source\repos\vision_forklift\x64\Release\Plugins\OrbbecBodyTracking.dll failed: 126
2022-11-16 10:11:55,829 ERROR [shared_library_windows] load_library C:\Users\wata\source\repos\vision_forklift\x64\Release\Plugins\OrbbecBodyTracking.dll failed: 126
2022-11-16 10:14:28,294 ERROR [shared_library_windows] load_library C:\Users\wata\source\repos\vision_forklift\x64\Release\Plugins\OrbbecBodyTracking.dll failed: 126
2022-11-16 10:15:22,897 ERROR [shared_library_windows] load_library C:\Users\wata\source\repos\vision_forklift\x64\Release\Plugins\OrbbecBodyTracking.dll failed: 126
2022-11-16 10:16:43,494 ERROR [shared_library_windows] load_library C:\Users\wata\source\repos\vision_forklift\x64\Release\Plugins\OrbbecBodyTracking.dll failed: 126
2022-11-16 11:22:50,372 ERROR [shared_library_windows] load_library C:\Users\wata\source\repos\vision_forklift\x64\Release\Plugins\OrbbecBodyTracking.dll failed: 126
2022-11-16 12:13:36,622 ERROR [shared_library_windows] load_library C:\Users\wata\source\repos\vision_forklift\x64\Release\Plugins\OrbbecBodyTracking.dll failed: 126
2022-11-16 12:24:32,662 ERROR [shared_library_windows] load_library C:\Users\wata\source\repos\vision_forklift\x64\Release\Plugins\OrbbecBodyTracking.dll failed: 126
2022-11-16 12:27:13,226 ERROR [shared_library_windows] load_library C:\Users\wata\source\repos\vision_forklift\x64\Release\Plugins\OrbbecBodyTracking.dll failed: 126
2022-11-16 12:28:39,486 ERROR [shared_library_windows] load_library C:\Users\wata\source\repos\vision_forklift\x64\Release\Plugins\OrbbecBodyTracking.dll failed: 126
2022-11-16 13:18:27,441 ERROR [shared_library_windows] load_library C:\Users\wata\source\repos\vision_forklift\x64\Release\Plugins\OrbbecBodyTracking.dll failed: 126
2022-11-16 13:21:07,855 ERROR [shared_library_windows] load_library C:\Users\wata\source\repos\vision_forklift\x64\Release\Plugins\OrbbecBodyTracking.dll failed: 126
2022-11-16 13:36:04,441 ERROR [shared_library_windows] load_library C:\Users\wata\source\repos\vision_forklift\x64\Release\Plugins\OrbbecBodyTracking.dll failed: 126
2022-11-16 14:30:25,205 ERROR [shared_library_windows] load_library C:\Users\wata\source\repos\vision_forklift\x64\Release\Plugins\OrbbecBodyTracking.dll failed: 126
2022-11-16 16:04:46,504 ERROR [shared_library_windows] load_library C:\Users\winters\Downloads\vision_forklift_v0.1 (1)\Plugins\OrbbecBodyTracking.dll failed: 126
2022-11-16 16:22:40,223 ERROR [shared_library_windows] load_library C:\Users\winters\Downloads\vision_forklift_v0.1 (1)\Plugins\OrbbecBodyTracking.dll failed: 126
2022-11-16 16:31:51,533 ERROR [shared_library_windows] load_library C:\Users\winters\Downloads\vision_forklift_v0.1 (1)\Plugins\OrbbecBodyTracking.dll failed: 126
2022-11-16 17:40:43,703 ERROR [shared_library_windows] load_library C:\git_merge\LIS-ForkLift\WATA.LIS\WATA.LIS\bin\Debug\net6.0-windows\VISION\Plugins\OrbbecBodyTracking.dll failed: 126
2022-11-16 17:43:51,711 ERROR [shared_library_windows] load_library C:\git_merge\LIS-ForkLift\WATA.LIS\WATA.LIS\bin\Debug\net6.0-windows\VISION\Plugins\OrbbecBodyTracking.dll failed: 126
2022-11-16 17:52:12,880 ERROR [shared_library_windows] load_library C:\git_merge\LIS-ForkLift\WATA.LIS\WATA.LIS\bin\Debug\net6.0-windows\VISION\Plugins\OrbbecBodyTracking.dll failed: 126
2022-11-16 17:54:06,735 ERROR [shared_library_windows] load_library C:\git_merge\LIS-ForkLift\WATA.LIS\WATA.LIS\bin\Debug\net6.0-windows\VISION\Plugins\OrbbecBodyTracking.dll failed: 126
2022-11-16 18:08:29,281 ERROR [shared_library_windows] load_library C:\git_merge\LIS-ForkLift\WATA.LIS\WATA.LIS\bin\Debug\net6.0-windows\VISION\Plugins\OrbbecBodyTracking.dll failed: 126
2022-11-16 18:14:20,570 ERROR [shared_library_windows] load_library C:\git_merge\LIS-ForkLift\WATA.LIS\WATA.LIS\bin\Debug\net6.0-windows\VISION\Plugins\OrbbecBodyTracking.dll failed: 126
2022-11-16 18:17:05,876 ERROR [shared_library_windows] load_library C:\git_merge\LIS-ForkLift\WATA.LIS\WATA.LIS\bin\Debug\net6.0-windows\VISION\Plugins\OrbbecBodyTracking.dll failed: 126
2022-11-16 18:21:56,554 ERROR [shared_library_windows] load_library C:\git_merge\LIS-ForkLift\WATA.LIS\WATA.LIS\bin\Debug\net6.0-windows\VISION\Plugins\OrbbecBodyTracking.dll failed: 126
2022-11-16 18:29:27,419 ERROR [shared_library_windows] load_library C:\git_merge\LIS-ForkLift\WATA.LIS\WATA.LIS\bin\Debug\net6.0-windows\VISION\Plugins\OrbbecBodyTracking.dll failed: 126
2022-11-16 18:30:00,282 ERROR [shared_library_windows] load_library C:\git_merge\LIS-ForkLift\WATA.LIS\WATA.LIS\bin\Debug\net6.0-windows\VISION\Plugins\OrbbecBodyTracking.dll failed: 126
2022-11-16 18:31:14,686 ERROR [shared_library_windows] load_library C:\git_merge\LIS-ForkLift\WATA.LIS\WATA.LIS\bin\Debug\net6.0-windows\VISION\Plugins\OrbbecBodyTracking.dll failed: 126
2022-11-16 18:41:52,341 ERROR [shared_library_windows] load_library C:\git_merge\LIS-ForkLift\WATA.LIS\WATA.LIS\bin\Debug\net6.0-windows\VISION\Plugins\OrbbecBodyTracking.dll failed: 126
2022-11-17 11:50:15,291 ERROR [shared_library_windows] load_library C:\git_merge\LIS-ForkLift\WATA.LIS\WATA.LIS\bin\Debug\net6.0-windows\VISION\Plugins\OrbbecBodyTracking.dll failed: 126
2022-11-17 11:52:37,851 ERROR [shared_library_windows] load_library C:\git_merge\LIS-ForkLift\WATA.LIS\WATA.LIS\bin\Debug\net6.0-windows\VISION\Plugins\OrbbecBodyTracking.dll failed: 126
2022-11-17 11:54:06,190 ERROR [shared_library_windows] load_library C:\git_merge\LIS-ForkLift\WATA.LIS\WATA.LIS\bin\Debug\net6.0-windows\VISION\Plugins\OrbbecBodyTracking.dll failed: 126
2022-11-17 11:55:02,519 ERROR [shared_library_windows] load_library C:\git_merge\LIS-ForkLift\WATA.LIS\WATA.LIS\bin\Debug\net6.0-windows\VISION\Plugins\OrbbecBodyTracking.dll failed: 126
2022-11-17 11:56:57,353 ERROR [shared_library_windows] load_library C:\git_merge\LIS-ForkLift\WATA.LIS\WATA.LIS\bin\Debug\net6.0-windows\VISION\Plugins\OrbbecBodyTracking.dll failed: 126
2022-11-17 12:06:50,580 ERROR [shared_library_windows] load_library C:\git_merge\LIS-ForkLift\WATA.LIS\WATA.LIS\bin\Debug\net6.0-windows\VISION\Plugins\OrbbecBodyTracking.dll failed: 126
2022-11-17 12:07:37,534 ERROR [shared_library_windows] load_library C:\git_merge\LIS-ForkLift\WATA.LIS\WATA.LIS\bin\Debug\net6.0-windows\VISION\Plugins\OrbbecBodyTracking.dll failed: 126
2022-11-17 12:12:26,154 ERROR [shared_library_windows] load_library C:\git_merge\LIS-ForkLift\WATA.LIS\WATA.LIS\bin\Debug\net6.0-windows\VISION\Plugins\OrbbecBodyTracking.dll failed: 126
2022-11-17 12:16:55,635 ERROR [shared_library_windows] load_library C:\git_merge\LIS-ForkLift\WATA.LIS\WATA.LIS\bin\Debug\net6.0-windows\VISION\Plugins\OrbbecBodyTracking.dll failed: 126
2022-11-17 12:23:46,362 ERROR [shared_library_windows] load_library C:\git_merge\LIS-ForkLift\WATA.LIS\WATA.LIS\bin\Debug\net6.0-windows\VISION\Plugins\OrbbecBodyTracking.dll failed: 126
2022-11-17 12:24:32,307 ERROR [shared_library_windows] load_library C:\git_merge\LIS-ForkLift\WATA.LIS\WATA.LIS\bin\Debug\net6.0-windows\VISION\Plugins\OrbbecBodyTracking.dll failed: 126
2022-11-17 14:08:45,429 ERROR [shared_library_windows] load_library C:\git_merge\LIS-ForkLift\WATA.LIS\WATA.LIS\bin\Debug\net6.0-windows\VISION\Plugins\OrbbecBodyTracking.dll failed: 126
2022-11-17 14:15:09,858 ERROR [shared_library_windows] load_library C:\git_merge\LIS-ForkLift\WATA.LIS\WATA.LIS\bin\Debug\net6.0-windows\VISION\Plugins\OrbbecBodyTracking.dll failed: 126
2022-11-17 14:15:34,541 ERROR [shared_library_windows] load_library C:\git_merge\LIS-ForkLift\WATA.LIS\WATA.LIS\bin\Debug\net6.0-windows\VISION\Plugins\OrbbecBodyTracking.dll failed: 126
2022-11-17 14:18:20,185 ERROR [shared_library_windows] load_library C:\git_merge\LIS-ForkLift\WATA.LIS\WATA.LIS\bin\Debug\net6.0-windows\VISION\Plugins\OrbbecBodyTracking.dll failed: 126
2022-11-17 14:18:58,858 ERROR [shared_library_windows] load_library C:\git_merge\LIS-ForkLift\WATA.LIS\WATA.LIS\bin\Debug\net6.0-windows\VISION\Plugins\OrbbecBodyTracking.dll failed: 126
2022-11-17 14:21:46,760 ERROR [shared_library_windows] load_library C:\git_merge\LIS-ForkLift\WATA.LIS\WATA.LIS\bin\Debug\net6.0-windows\VISION\Plugins\OrbbecBodyTracking.dll failed: 126
2022-11-17 14:26:43,281 ERROR [shared_library_windows] load_library C:\git_merge\LIS-ForkLift\WATA.LIS\WATA.LIS\bin\Debug\net6.0-windows\VISION\Plugins\OrbbecBodyTracking.dll failed: 126
2022-11-17 14:40:41,925 ERROR [shared_library_windows] load_library C:\git_merge\LIS-ForkLift\WATA.LIS\WATA.LIS\bin\Debug\net6.0-windows\VISION\Plugins\OrbbecBodyTracking.dll failed: 126
2022-11-17 14:41:05,441 ERROR [shared_library_windows] load_library C:\git_merge\LIS-ForkLift\WATA.LIS\WATA.LIS\bin\Debug\net6.0-windows\VISION\Plugins\OrbbecBodyTracking.dll failed: 126
2022-11-17 14:42:14,438 ERROR [shared_library_windows] load_library C:\git_merge\LIS-ForkLift\WATA.LIS\WATA.LIS\bin\Debug\net6.0-windows\VISION\Plugins\OrbbecBodyTracking.dll failed: 126
2022-11-17 14:42:32,544 ERROR [shared_library_windows] load_library C:\git_merge\LIS-ForkLift\WATA.LIS\WATA.LIS\bin\Debug\net6.0-windows\VISION\Plugins\OrbbecBodyTracking.dll failed: 126
2022-11-17 14:44:13,617 ERROR [shared_library_windows] load_library C:\git_merge\LIS-ForkLift\WATA.LIS\WATA.LIS\bin\Debug\net6.0-windows\VISION\Plugins\OrbbecBodyTracking.dll failed: 126
2022-11-17 15:04:38,792 ERROR [shared_library_windows] load_library C:\git_merge\LIS-ForkLift\WATA.LIS\WATA.LIS\bin\Debug\net6.0-windows\VISION\Plugins\OrbbecBodyTracking.dll failed: 126
2022-11-17 15:06:28,551 ERROR [shared_library_windows] load_library C:\git_merge\LIS-ForkLift\WATA.LIS\WATA.LIS\bin\Debug\net6.0-windows\VISION\Plugins\OrbbecBodyTracking.dll failed: 126
2022-11-17 15:08:01,588 ERROR [shared_library_windows] load_library C:\git_merge\LIS-ForkLift\WATA.LIS\WATA.LIS\bin\Debug\net6.0-windows\VISION\Plugins\OrbbecBodyTracking.dll failed: 126
2022-11-17 15:17:24,738 ERROR [shared_library_windows] load_library C:\git_merge\LIS-ForkLift\WATA.LIS\WATA.LIS\bin\Debug\net6.0-windows\VISION\Plugins\OrbbecBodyTracking.dll failed: 126
2022-11-17 15:25:59,688 ERROR [shared_library_windows] load_library C:\git_merge\LIS-ForkLift\WATA.LIS\WATA.LIS\bin\Debug\net6.0-windows\VISION\Plugins\OrbbecBodyTracking.dll failed: 126
